{"D:\\School\\I3AA\\M306\\Music-clone\\project\\src\\App.css": {"path":"D:\\School\\I3AA\\M306\\Music-clone\\project\\src\\App.css","statementMap":{},"fnMap":{},"branchMap":{},"s":{},"f":{},"b":{},"meta":{"lastBranch":0,"lastFunction":0,"lastStatement":0,"seen":{}}}
,"D:\\School\\I3AA\\M306\\Music-clone\\project\\src\\App.jsx": {"path":"D:\\School\\I3AA\\M306\\Music-clone\\project\\src\\App.jsx","statementMap":{"0":{"start":{"line":16,"column":261},"end":{"line":16,"column":null}},"1":{"start":{"line":17,"column":164},"end":{"line":17,"column":null}},"2":{"start":{"line":20,"column":42},"end":{"line":20,"column":null}},"3":{"start":{"line":21,"column":34},"end":{"line":21,"column":null}},"4":{"start":{"line":22,"column":42},"end":{"line":22,"column":null}},"5":{"start":{"line":23,"column":50},"end":{"line":23,"column":null}},"6":{"start":{"line":24,"column":32},"end":{"line":24,"column":null}},"7":{"start":{"line":25,"column":50},"end":{"line":25,"column":null}},"8":{"start":{"line":26,"column":38},"end":{"line":26,"column":null}},"9":{"start":{"line":27,"column":40},"end":{"line":27,"column":null}},"10":{"start":{"line":28,"column":50},"end":{"line":28,"column":null}},"11":{"start":{"line":29,"column":46},"end":{"line":29,"column":null}},"12":{"start":{"line":30,"column":44},"end":{"line":30,"column":null}},"13":{"start":{"line":33,"column":10},"end":{"line":33,"column":null}},"14":{"start":{"line":36,"column":28},"end":{"line":53,"column":null}},"15":{"start":{"line":37,"column":8},"end":{"line":52,"column":null}},"16":{"start":{"line":39,"column":25},"end":{"line":39,"column":null}},"17":{"start":{"line":39,"column":44},"end":{"line":39,"column":49}},"18":{"start":{"line":40,"column":26},"end":{"line":40,"column":null}},"19":{"start":{"line":40,"column":83},"end":{"line":40,"column":99}},"20":{"start":{"line":41,"column":12},"end":{"line":47,"column":null}},"21":{"start":{"line":42,"column":16},"end":{"line":42,"column":null}},"22":{"start":{"line":43,"column":16},"end":{"line":43,"column":null}},"23":{"start":{"line":46,"column":16},"end":{"line":46,"column":null}},"24":{"start":{"line":50,"column":12},"end":{"line":50,"column":null}},"25":{"start":{"line":51,"column":12},"end":{"line":51,"column":null}},"26":{"start":{"line":58,"column":4},"end":{"line":65,"column":null}},"27":{"start":{"line":59,"column":8},"end":{"line":59,"column":null}},"28":{"start":{"line":59,"column":34},"end":{"line":59,"column":null}},"29":{"start":{"line":61,"column":24},"end":{"line":61,"column":null}},"30":{"start":{"line":62,"column":12},"end":{"line":62,"column":null}},"31":{"start":{"line":64,"column":8},"end":{"line":64,"column":null}},"32":{"start":{"line":68,"column":29},"end":{"line":72,"column":null}},"33":{"start":{"line":69,"column":8},"end":{"line":69,"column":null}},"34":{"start":{"line":69,"column":34},"end":{"line":69,"column":null}},"35":{"start":{"line":70,"column":20},"end":{"line":70,"column":null}},"36":{"start":{"line":71,"column":8},"end":{"line":71,"column":null}},"37":{"start":{"line":78,"column":4},"end":{"line":129,"column":null}},"38":{"start":{"line":79,"column":8},"end":{"line":79,"column":null}},"39":{"start":{"line":79,"column":63},"end":{"line":79,"column":null}},"40":{"start":{"line":82,"column":8},"end":{"line":82,"column":null}},"41":{"start":{"line":85,"column":12},"end":{"line":126,"column":null}},"42":{"start":{"line":87,"column":33},"end":{"line":90,"column":null}},"43":{"start":{"line":88,"column":20},"end":{"line":88,"column":null}},"44":{"start":{"line":89,"column":20},"end":{"line":89,"column":null}},"45":{"start":{"line":91,"column":16},"end":{"line":91,"column":null}},"46":{"start":{"line":94,"column":16},"end":{"line":94,"column":null}},"47":{"start":{"line":94,"column":39},"end":{"line":94,"column":57}},"48":{"start":{"line":97,"column":33},"end":{"line":100,"column":null}},"49":{"start":{"line":98,"column":20},"end":{"line":98,"column":null}},"50":{"start":{"line":99,"column":20},"end":{"line":99,"column":null}},"51":{"start":{"line":101,"column":16},"end":{"line":101,"column":null}},"52":{"start":{"line":104,"column":16},"end":{"line":104,"column":null}},"53":{"start":{"line":104,"column":39},"end":{"line":104,"column":57}},"54":{"start":{"line":107,"column":31},"end":{"line":110,"column":null}},"55":{"start":{"line":108,"column":20},"end":{"line":108,"column":null}},"56":{"start":{"line":109,"column":20},"end":{"line":109,"column":null}},"57":{"start":{"line":113,"column":37},"end":{"line":120,"column":null}},"58":{"start":{"line":115,"column":24},"end":{"line":116,"column":null}},"59":{"start":{"line":116,"column":54},"end":{"line":116,"column":85}},"60":{"start":{"line":118,"column":34},"end":{"line":118,"column":45}},"61":{"start":{"line":121,"column":16},"end":{"line":121,"column":null}},"62":{"start":{"line":123,"column":16},"end":{"line":123,"column":null}},"63":{"start":{"line":125,"column":16},"end":{"line":125,"column":null}},"64":{"start":{"line":128,"column":8},"end":{"line":128,"column":null}},"65":{"start":{"line":134,"column":4},"end":{"line":148,"column":null}},"66":{"start":{"line":136,"column":8},"end":{"line":136,"column":null}},"67":{"start":{"line":136,"column":42},"end":{"line":136,"column":null}},"68":{"start":{"line":138,"column":26},"end":{"line":144,"column":null}},"69":{"start":{"line":140,"column":12},"end":{"line":143,"column":null}},"70":{"start":{"line":141,"column":16},"end":{"line":141,"column":null}},"71":{"start":{"line":142,"column":16},"end":{"line":142,"column":null}},"72":{"start":{"line":147,"column":8},"end":{"line":147,"column":null}},"73":{"start":{"line":147,"column":21},"end":{"line":147,"column":null}},"74":{"start":{"line":151,"column":8},"end":{"line":151,"column":null}},"75":{"start":{"line":151,"column":20},"end":{"line":151,"column":null}},"76":{"start":{"line":153,"column":21},"end":{"line":153,"column":null}},"77":{"start":{"line":156,"column":23},"end":{"line":156,"column":null}},"78":{"start":{"line":157,"column":8},"end":{"line":157,"column":null}},"79":{"start":{"line":166,"column":8},"end":{"line":180,"column":null}},"80":{"start":{"line":168,"column":27},"end":{"line":168,"column":null}},"81":{"start":{"line":169,"column":12},"end":{"line":169,"column":null}},"82":{"start":{"line":170,"column":12},"end":{"line":170,"column":null}},"83":{"start":{"line":171,"column":12},"end":{"line":171,"column":null}},"84":{"start":{"line":172,"column":12},"end":{"line":172,"column":null}},"85":{"start":{"line":174,"column":12},"end":{"line":176,"column":null}},"86":{"start":{"line":175,"column":16},"end":{"line":175,"column":null}},"87":{"start":{"line":178,"column":12},"end":{"line":178,"column":null}},"88":{"start":{"line":179,"column":12},"end":{"line":179,"column":null}},"89":{"start":{"line":187,"column":23},"end":{"line":187,"column":null}},"90":{"start":{"line":188,"column":8},"end":{"line":188,"column":null}},"91":{"start":{"line":189,"column":8},"end":{"line":189,"column":null}},"92":{"start":{"line":191,"column":8},"end":{"line":193,"column":null}},"93":{"start":{"line":192,"column":12},"end":{"line":192,"column":null}},"94":{"start":{"line":200,"column":21},"end":{"line":200,"column":null}},"95":{"start":{"line":201,"column":8},"end":{"line":201,"column":null}},"96":{"start":{"line":201,"column":35},"end":{"line":201,"column":null}},"97":{"start":{"line":203,"column":8},"end":{"line":210,"column":null}},"98":{"start":{"line":205,"column":12},"end":{"line":205,"column":null}},"99":{"start":{"line":206,"column":12},"end":{"line":206,"column":null}},"100":{"start":{"line":208,"column":12},"end":{"line":208,"column":null}},"101":{"start":{"line":209,"column":12},"end":{"line":209,"column":null}},"102":{"start":{"line":217,"column":8},"end":{"line":217,"column":null}},"103":{"start":{"line":218,"column":8},"end":{"line":218,"column":null}},"104":{"start":{"line":218,"column":83},"end":{"line":218,"column":null}},"105":{"start":{"line":220,"column":8},"end":{"line":232,"column":null}},"106":{"start":{"line":221,"column":12},"end":{"line":221,"column":null}},"107":{"start":{"line":222,"column":12},"end":{"line":222,"column":null}},"108":{"start":{"line":224,"column":12},"end":{"line":228,"column":null}},"109":{"start":{"line":225,"column":16},"end":{"line":225,"column":null}},"110":{"start":{"line":226,"column":16},"end":{"line":226,"column":null}},"111":{"start":{"line":227,"column":16},"end":{"line":227,"column":null}},"112":{"start":{"line":230,"column":12},"end":{"line":230,"column":null}},"113":{"start":{"line":231,"column":12},"end":{"line":231,"column":null}},"114":{"start":{"line":239,"column":31},"end":{"line":239,"column":null}},"115":{"start":{"line":241,"column":8},"end":{"line":261,"column":null}},"116":{"start":{"line":243,"column":35},"end":{"line":243,"column":null}},"117":{"start":{"line":243,"column":57},"end":{"line":243,"column":81}},"118":{"start":{"line":245,"column":12},"end":{"line":248,"column":null}},"119":{"start":{"line":246,"column":16},"end":{"line":246,"column":null}},"120":{"start":{"line":247,"column":16},"end":{"line":247,"column":null}},"121":{"start":{"line":251,"column":12},"end":{"line":251,"column":null}},"122":{"start":{"line":252,"column":12},"end":{"line":252,"column":null}},"123":{"start":{"line":253,"column":12},"end":{"line":253,"column":null}},"124":{"start":{"line":256,"column":29},"end":{"line":256,"column":null}},"125":{"start":{"line":256,"column":49},"end":{"line":256,"column":74}},"126":{"start":{"line":257,"column":12},"end":{"line":260,"column":null}},"127":{"start":{"line":258,"column":16},"end":{"line":258,"column":null}},"128":{"start":{"line":259,"column":16},"end":{"line":259,"column":null}},"129":{"start":{"line":264,"column":8},"end":{"line":264,"column":null}},"130":{"start":{"line":271,"column":8},"end":{"line":287,"column":null}},"131":{"start":{"line":272,"column":12},"end":{"line":272,"column":null}},"132":{"start":{"line":274,"column":12},"end":{"line":278,"column":null}},"133":{"start":{"line":276,"column":31},"end":{"line":276,"column":null}},"134":{"start":{"line":277,"column":16},"end":{"line":277,"column":null}},"135":{"start":{"line":279,"column":12},"end":{"line":279,"column":null}},"136":{"start":{"line":281,"column":12},"end":{"line":285,"column":null}},"137":{"start":{"line":282,"column":16},"end":{"line":282,"column":null}},"138":{"start":{"line":284,"column":16},"end":{"line":284,"column":null}},"139":{"start":{"line":286,"column":12},"end":{"line":286,"column":null}},"140":{"start":{"line":294,"column":8},"end":{"line":294,"column":null}},"141":{"start":{"line":294,"column":30},"end":{"line":294,"column":null}},"142":{"start":{"line":296,"column":8},"end":{"line":296,"column":null}},"143":{"start":{"line":297,"column":8},"end":{"line":297,"column":null}},"144":{"start":{"line":298,"column":8},"end":{"line":298,"column":null}},"145":{"start":{"line":305,"column":8},"end":{"line":308,"column":null}},"146":{"start":{"line":306,"column":12},"end":{"line":306,"column":null}},"147":{"start":{"line":307,"column":12},"end":{"line":307,"column":null}},"148":{"start":{"line":311,"column":25},"end":{"line":311,"column":null}},"149":{"start":{"line":311,"column":45},"end":{"line":311,"column":71}},"150":{"start":{"line":312,"column":8},"end":{"line":315,"column":null}},"151":{"start":{"line":313,"column":12},"end":{"line":313,"column":null}},"152":{"start":{"line":314,"column":12},"end":{"line":314,"column":null}},"153":{"start":{"line":317,"column":8},"end":{"line":317,"column":null}},"154":{"start":{"line":317,"column":69},"end":{"line":317,"column":null}},"155":{"start":{"line":319,"column":8},"end":{"line":331,"column":null}},"156":{"start":{"line":320,"column":12},"end":{"line":320,"column":null}},"157":{"start":{"line":322,"column":27},"end":{"line":322,"column":null}},"158":{"start":{"line":323,"column":12},"end":{"line":323,"column":null}},"159":{"start":{"line":325,"column":12},"end":{"line":329,"column":null}},"160":{"start":{"line":326,"column":16},"end":{"line":326,"column":null}},"161":{"start":{"line":328,"column":16},"end":{"line":328,"column":null}},"162":{"start":{"line":330,"column":12},"end":{"line":330,"column":null}},"163":{"start":{"line":334,"column":4},"end":{"line":334,"column":null}},"164":{"start":{"line":334,"column":17},"end":{"line":334,"column":null}},"165":{"start":{"line":335,"column":4},"end":{"line":335,"column":null}},"166":{"start":{"line":335,"column":30},"end":{"line":335,"column":null}},"167":{"start":{"line":337,"column":4},"end":{"line":742,"column":null}},"168":{"start":{"line":355,"column":28},"end":{"line":355,"column":null}},"169":{"start":{"line":356,"column":28},"end":{"line":356,"column":null}},"170":{"start":{"line":406,"column":28},"end":{"line":475,"column":null}},"171":{"start":{"line":419,"column":36},"end":{"line":419,"column":null}},"172":{"start":{"line":420,"column":36},"end":{"line":420,"column":null}},"173":{"start":{"line":423,"column":36},"end":{"line":423,"column":null}},"174":{"start":{"line":424,"column":36},"end":{"line":424,"column":null}},"175":{"start":{"line":426,"column":47},"end":{"line":426,"column":null}},"176":{"start":{"line":450,"column":52},"end":{"line":450,"column":null}},"177":{"start":{"line":462,"column":40},"end":{"line":462,"column":null}},"178":{"start":{"line":463,"column":40},"end":{"line":463,"column":null}},"179":{"start":{"line":464,"column":40},"end":{"line":464,"column":null}},"180":{"start":{"line":467,"column":40},"end":{"line":467,"column":null}},"181":{"start":{"line":468,"column":40},"end":{"line":468,"column":null}},"182":{"start":{"line":469,"column":40},"end":{"line":469,"column":null}},"183":{"start":{"line":502,"column":36},"end":{"line":507,"column":null}},"184":{"start":{"line":503,"column":40},"end":{"line":503,"column":null}},"185":{"start":{"line":504,"column":36},"end":{"line":507,"column":null}},"186":{"start":{"line":505,"column":40},"end":{"line":505,"column":null}},"187":{"start":{"line":506,"column":40},"end":{"line":506,"column":null}},"188":{"start":{"line":511,"column":36},"end":{"line":513,"column":null}},"189":{"start":{"line":512,"column":40},"end":{"line":512,"column":null}},"190":{"start":{"line":522,"column":50},"end":{"line":522,"column":null}},"191":{"start":{"line":523,"column":36},"end":{"line":527,"column":null}},"192":{"start":{"line":524,"column":40},"end":{"line":524,"column":null}},"193":{"start":{"line":526,"column":40},"end":{"line":526,"column":null}},"194":{"start":{"line":537,"column":40},"end":{"line":537,"column":null}},"195":{"start":{"line":538,"column":54},"end":{"line":538,"column":null}},"196":{"start":{"line":539,"column":40},"end":{"line":539,"column":null}},"197":{"start":{"line":539,"column":51},"end":{"line":539,"column":null}},"198":{"start":{"line":576,"column":81},"end":{"line":576,"column":107}},"199":{"start":{"line":634,"column":24},"end":{"line":634,"column":null}},"200":{"start":{"line":635,"column":24},"end":{"line":635,"column":null}},"201":{"start":{"line":650,"column":40},"end":{"line":650,"column":null}},"202":{"start":{"line":663,"column":36},"end":{"line":663,"column":null}},"203":{"start":{"line":664,"column":36},"end":{"line":664,"column":null}},"204":{"start":{"line":690,"column":45},"end":{"line":690,"column":69}},"205":{"start":{"line":692,"column":36},"end":{"line":727,"column":null}},"206":{"start":{"line":694,"column":55},"end":{"line":694,"column":null}},"207":{"start":{"line":705,"column":61},"end":{"line":705,"column":null}},"208":{"start":{"line":706,"column":61},"end":{"line":706,"column":null}},"209":{"start":{"line":729,"column":51},"end":{"line":729,"column":75}}},"fnMap":{"0":{"name":"App","decl":{"start":{"line":15,"column":24},"end":{"line":15,"column":30}},"loc":{"start":{"line":15,"column":30},"end":{"line":744,"column":null}},"line":15},"1":{"name":"(anonymous_1)","decl":{"start":{"line":36,"column":28},"end":{"line":36,"column":29}},"loc":{"start":{"line":36,"column":79},"end":{"line":53,"column":null}},"line":36},"2":{"name":"(anonymous_2)","decl":{"start":{"line":39,"column":39},"end":{"line":39,"column":44}},"loc":{"start":{"line":39,"column":44},"end":{"line":39,"column":49}},"line":39},"3":{"name":"(anonymous_3)","decl":{"start":{"line":40,"column":76},"end":{"line":40,"column":83}},"loc":{"start":{"line":40,"column":83},"end":{"line":40,"column":99}},"line":40},"4":{"name":"(anonymous_4)","decl":{"start":{"line":58,"column":14},"end":{"line":58,"column":20}},"loc":{"start":{"line":58,"column":20},"end":{"line":65,"column":7}},"line":58},"5":{"name":"loadPlaylists","decl":{"start":{"line":60,"column":23},"end":{"line":60,"column":39}},"loc":{"start":{"line":60,"column":39},"end":{"line":63,"column":null}},"line":60},"6":{"name":"(anonymous_6)","decl":{"start":{"line":68,"column":29},"end":{"line":68,"column":41}},"loc":{"start":{"line":68,"column":41},"end":{"line":72,"column":null}},"line":68},"7":{"name":"(anonymous_7)","decl":{"start":{"line":78,"column":14},"end":{"line":78,"column":20}},"loc":{"start":{"line":78,"column":20},"end":{"line":129,"column":7}},"line":78},"8":{"name":"loadHomeContent","decl":{"start":{"line":84,"column":23},"end":{"line":84,"column":41}},"loc":{"start":{"line":84,"column":41},"end":{"line":127,"column":null}},"line":84},"9":{"name":"(anonymous_9)","decl":{"start":{"line":87,"column":68},"end":{"line":87,"column":75}},"loc":{"start":{"line":87,"column":75},"end":{"line":90,"column":17}},"line":87},"10":{"name":"(anonymous_10)","decl":{"start":{"line":94,"column":34},"end":{"line":94,"column":39}},"loc":{"start":{"line":94,"column":39},"end":{"line":94,"column":57}},"line":94},"11":{"name":"(anonymous_11)","decl":{"start":{"line":97,"column":62},"end":{"line":97,"column":69}},"loc":{"start":{"line":97,"column":69},"end":{"line":100,"column":17}},"line":97},"12":{"name":"(anonymous_12)","decl":{"start":{"line":104,"column":34},"end":{"line":104,"column":39}},"loc":{"start":{"line":104,"column":39},"end":{"line":104,"column":57}},"line":104},"13":{"name":"(anonymous_13)","decl":{"start":{"line":107,"column":63},"end":{"line":107,"column":70}},"loc":{"start":{"line":107,"column":70},"end":{"line":110,"column":17}},"line":107},"14":{"name":"(anonymous_14)","decl":{"start":{"line":114,"column":28},"end":{"line":114,"column":29}},"loc":{"start":{"line":115,"column":24},"end":{"line":116,"column":null}},"line":115},"15":{"name":"(anonymous_15)","decl":{"start":{"line":116,"column":49},"end":{"line":116,"column":54}},"loc":{"start":{"line":116,"column":54},"end":{"line":116,"column":85}},"line":116},"16":{"name":"(anonymous_16)","decl":{"start":{"line":118,"column":25},"end":{"line":118,"column":34}},"loc":{"start":{"line":118,"column":34},"end":{"line":118,"column":45}},"line":118},"17":{"name":"(anonymous_17)","decl":{"start":{"line":134,"column":14},"end":{"line":134,"column":20}},"loc":{"start":{"line":134,"column":20},"end":{"line":148,"column":7}},"line":134},"18":{"name":"(anonymous_18)","decl":{"start":{"line":138,"column":37},"end":{"line":138,"column":43}},"loc":{"start":{"line":138,"column":43},"end":{"line":144,"column":11}},"line":138},"19":{"name":"(anonymous_19)","decl":{"start":{"line":147,"column":15},"end":{"line":147,"column":21}},"loc":{"start":{"line":147,"column":21},"end":{"line":147,"column":null}},"line":147},"20":{"name":"handleSearch","decl":{"start":{"line":150,"column":19},"end":{"line":150,"column":32}},"loc":{"start":{"line":150,"column":39},"end":{"line":158,"column":null}},"line":150},"21":{"name":"handlePlaylistClick","decl":{"start":{"line":165,"column":19},"end":{"line":165,"column":39}},"loc":{"start":{"line":165,"column":51},"end":{"line":181,"column":null}},"line":165},"22":{"name":"handleAlbumClick","decl":{"start":{"line":186,"column":19},"end":{"line":186,"column":36}},"loc":{"start":{"line":186,"column":43},"end":{"line":194,"column":null}},"line":186},"23":{"name":"handleCreatePlaylist","decl":{"start":{"line":199,"column":19},"end":{"line":199,"column":42}},"loc":{"start":{"line":199,"column":42},"end":{"line":211,"column":null}},"line":199},"24":{"name":"handleDeletePlaylist","decl":{"start":{"line":216,"column":19},"end":{"line":216,"column":40}},"loc":{"start":{"line":216,"column":69},"end":{"line":233,"column":null}},"line":216},"25":{"name":"handleAddTrackToPlaylist","decl":{"start":{"line":238,"column":19},"end":{"line":238,"column":44}},"loc":{"start":{"line":238,"column":73},"end":{"line":265,"column":null}},"line":238},"26":{"name":"(anonymous_26)","decl":{"start":{"line":243,"column":52},"end":{"line":243,"column":57}},"loc":{"start":{"line":243,"column":57},"end":{"line":243,"column":81}},"line":243},"27":{"name":"(anonymous_27)","decl":{"start":{"line":256,"column":44},"end":{"line":256,"column":49}},"loc":{"start":{"line":256,"column":49},"end":{"line":256,"column":74}},"line":256},"28":{"name":"addTrackToSelectedPlaylist","decl":{"start":{"line":270,"column":19},"end":{"line":270,"column":46}},"loc":{"start":{"line":270,"column":74},"end":{"line":288,"column":null}},"line":270},"29":{"name":"handlePlaylistSelect","decl":{"start":{"line":293,"column":19},"end":{"line":293,"column":40}},"loc":{"start":{"line":293,"column":52},"end":{"line":299,"column":null}},"line":293},"30":{"name":"handleRemoveTrackFromPlaylist","decl":{"start":{"line":304,"column":19},"end":{"line":304,"column":49}},"loc":{"start":{"line":304,"column":59},"end":{"line":332,"column":null}},"line":304},"31":{"name":"(anonymous_31)","decl":{"start":{"line":311,"column":40},"end":{"line":311,"column":45}},"loc":{"start":{"line":311,"column":45},"end":{"line":311,"column":71}},"line":311},"32":{"name":"(anonymous_32)","decl":{"start":{"line":354,"column":33},"end":{"line":354,"column":39}},"loc":{"start":{"line":354,"column":39},"end":{"line":357,"column":null}},"line":354},"33":{"name":"(anonymous_33)","decl":{"start":{"line":405,"column":39},"end":{"line":405,"column":null}},"loc":{"start":{"line":406,"column":28},"end":{"line":475,"column":null}},"line":406},"34":{"name":"(anonymous_34)","decl":{"start":{"line":418,"column":46},"end":{"line":418,"column":47}},"loc":{"start":{"line":418,"column":53},"end":{"line":421,"column":null}},"line":418},"35":{"name":"(anonymous_35)","decl":{"start":{"line":422,"column":46},"end":{"line":422,"column":47}},"loc":{"start":{"line":422,"column":53},"end":{"line":425,"column":null}},"line":422},"36":{"name":"(anonymous_36)","decl":{"start":{"line":426,"column":41},"end":{"line":426,"column":47}},"loc":{"start":{"line":426,"column":47},"end":{"line":426,"column":null}},"line":426},"37":{"name":"(anonymous_37)","decl":{"start":{"line":450,"column":45},"end":{"line":450,"column":46}},"loc":{"start":{"line":450,"column":52},"end":{"line":450,"column":null}},"line":450},"38":{"name":"(anonymous_38)","decl":{"start":{"line":461,"column":50},"end":{"line":461,"column":51}},"loc":{"start":{"line":461,"column":57},"end":{"line":465,"column":null}},"line":461},"39":{"name":"(anonymous_39)","decl":{"start":{"line":466,"column":50},"end":{"line":466,"column":51}},"loc":{"start":{"line":466,"column":57},"end":{"line":470,"column":null}},"line":466},"40":{"name":"(anonymous_40)","decl":{"start":{"line":501,"column":43},"end":{"line":501,"column":44}},"loc":{"start":{"line":501,"column":50},"end":{"line":508,"column":null}},"line":501},"41":{"name":"(anonymous_41)","decl":{"start":{"line":509,"column":42},"end":{"line":509,"column":43}},"loc":{"start":{"line":509,"column":49},"end":{"line":514,"column":null}},"line":509},"42":{"name":"(anonymous_42)","decl":{"start":{"line":521,"column":41},"end":{"line":521,"column":47}},"loc":{"start":{"line":521,"column":47},"end":{"line":528,"column":null}},"line":521},"43":{"name":"(anonymous_43)","decl":{"start":{"line":536,"column":45},"end":{"line":536,"column":51}},"loc":{"start":{"line":536,"column":51},"end":{"line":540,"column":null}},"line":536},"44":{"name":"(anonymous_44)","decl":{"start":{"line":576,"column":76},"end":{"line":576,"column":81}},"loc":{"start":{"line":576,"column":81},"end":{"line":576,"column":107}},"line":576},"45":{"name":"(anonymous_45)","decl":{"start":{"line":633,"column":29},"end":{"line":633,"column":35}},"loc":{"start":{"line":633,"column":35},"end":{"line":636,"column":null}},"line":633},"46":{"name":"(anonymous_46)","decl":{"start":{"line":650,"column":33},"end":{"line":650,"column":34}},"loc":{"start":{"line":650,"column":40},"end":{"line":650,"column":null}},"line":650},"47":{"name":"(anonymous_47)","decl":{"start":{"line":662,"column":41},"end":{"line":662,"column":47}},"loc":{"start":{"line":662,"column":47},"end":{"line":665,"column":null}},"line":662},"48":{"name":"(anonymous_48)","decl":{"start":{"line":690,"column":40},"end":{"line":690,"column":45}},"loc":{"start":{"line":690,"column":45},"end":{"line":690,"column":69}},"line":690},"49":{"name":"(anonymous_49)","decl":{"start":{"line":691,"column":37},"end":{"line":691,"column":null}},"loc":{"start":{"line":692,"column":36},"end":{"line":727,"column":null}},"line":692},"50":{"name":"(anonymous_50)","decl":{"start":{"line":694,"column":49},"end":{"line":694,"column":55}},"loc":{"start":{"line":694,"column":55},"end":{"line":694,"column":null}},"line":694},"51":{"name":"(anonymous_51)","decl":{"start":{"line":705,"column":54},"end":{"line":705,"column":55}},"loc":{"start":{"line":705,"column":61},"end":{"line":705,"column":null}},"line":705},"52":{"name":"(anonymous_52)","decl":{"start":{"line":706,"column":54},"end":{"line":706,"column":55}},"loc":{"start":{"line":706,"column":61},"end":{"line":706,"column":null}},"line":706},"53":{"name":"(anonymous_53)","decl":{"start":{"line":729,"column":46},"end":{"line":729,"column":51}},"loc":{"start":{"line":729,"column":51},"end":{"line":729,"column":75}},"line":729}},"branchMap":{"0":{"loc":{"start":{"line":36,"column":39},"end":{"line":36,"column":58}},"type":"default-arg","locations":[{"start":{"line":36,"column":52},"end":{"line":36,"column":58}}],"line":36},"1":{"loc":{"start":{"line":36,"column":58},"end":{"line":36,"column":79}},"type":"default-arg","locations":[{"start":{"line":36,"column":70},"end":{"line":36,"column":79}}],"line":36},"2":{"loc":{"start":{"line":37,"column":8},"end":{"line":52,"column":null}},"type":"if","locations":[{"start":{"line":37,"column":8},"end":{"line":52,"column":null}},{"start":{"line":48,"column":15},"end":{"line":52,"column":null}}],"line":37},"3":{"loc":{"start":{"line":37,"column":12},"end":{"line":37,"column":75}},"type":"binary-expr","locations":[{"start":{"line":37,"column":12},"end":{"line":37,"column":25}},{"start":{"line":37,"column":25},"end":{"line":37,"column":53}},{"start":{"line":37,"column":53},"end":{"line":37,"column":75}}],"line":37},"4":{"loc":{"start":{"line":40,"column":26},"end":{"line":40,"column":null}},"type":"cond-expr","locations":[{"start":{"line":40,"column":48},"end":{"line":40,"column":61}},{"start":{"line":40,"column":61},"end":{"line":40,"column":null}}],"line":40},"5":{"loc":{"start":{"line":41,"column":12},"end":{"line":47,"column":null}},"type":"if","locations":[{"start":{"line":41,"column":12},"end":{"line":47,"column":null}},{"start":{"line":44,"column":19},"end":{"line":47,"column":null}}],"line":41},"6":{"loc":{"start":{"line":59,"column":8},"end":{"line":59,"column":null}},"type":"if","locations":[{"start":{"line":59,"column":8},"end":{"line":59,"column":null}},{"start":{},"end":{}}],"line":59},"7":{"loc":{"start":{"line":69,"column":8},"end":{"line":69,"column":null}},"type":"if","locations":[{"start":{"line":69,"column":8},"end":{"line":69,"column":null}},{"start":{},"end":{}}],"line":69},"8":{"loc":{"start":{"line":79,"column":8},"end":{"line":79,"column":null}},"type":"if","locations":[{"start":{"line":79,"column":8},"end":{"line":79,"column":null}},{"start":{},"end":{}}],"line":79},"9":{"loc":{"start":{"line":79,"column":12},"end":{"line":79,"column":63}},"type":"binary-expr","locations":[{"start":{"line":79,"column":12},"end":{"line":79,"column":36}},{"start":{"line":79,"column":36},"end":{"line":79,"column":63}}],"line":79},"10":{"loc":{"start":{"line":115,"column":24},"end":{"line":116,"column":null}},"type":"binary-expr","locations":[{"start":{"line":115,"column":24},"end":{"line":115,"column":null}},{"start":{"line":116,"column":24},"end":{"line":116,"column":null}}],"line":115},"11":{"loc":{"start":{"line":136,"column":8},"end":{"line":136,"column":null}},"type":"if","locations":[{"start":{"line":136,"column":8},"end":{"line":136,"column":null}},{"start":{},"end":{}}],"line":136},"12":{"loc":{"start":{"line":136,"column":12},"end":{"line":136,"column":42}},"type":"binary-expr","locations":[{"start":{"line":136,"column":12},"end":{"line":136,"column":36}},{"start":{"line":136,"column":36},"end":{"line":136,"column":42}}],"line":136},"13":{"loc":{"start":{"line":140,"column":12},"end":{"line":143,"column":null}},"type":"if","locations":[{"start":{"line":140,"column":12},"end":{"line":143,"column":null}},{"start":{},"end":{}}],"line":140},"14":{"loc":{"start":{"line":151,"column":8},"end":{"line":151,"column":null}},"type":"if","locations":[{"start":{"line":151,"column":8},"end":{"line":151,"column":null}},{"start":{},"end":{}}],"line":151},"15":{"loc":{"start":{"line":156,"column":23},"end":{"line":156,"column":null}},"type":"binary-expr","locations":[{"start":{"line":156,"column":23},"end":{"line":156,"column":46}},{"start":{"line":156,"column":46},"end":{"line":156,"column":null}}],"line":156},"16":{"loc":{"start":{"line":174,"column":12},"end":{"line":176,"column":null}},"type":"if","locations":[{"start":{"line":174,"column":12},"end":{"line":176,"column":null}},{"start":{},"end":{}}],"line":174},"17":{"loc":{"start":{"line":191,"column":8},"end":{"line":193,"column":null}},"type":"if","locations":[{"start":{"line":191,"column":8},"end":{"line":193,"column":null}},{"start":{},"end":{}}],"line":191},"18":{"loc":{"start":{"line":201,"column":8},"end":{"line":201,"column":null}},"type":"if","locations":[{"start":{"line":201,"column":8},"end":{"line":201,"column":null}},{"start":{},"end":{}}],"line":201},"19":{"loc":{"start":{"line":201,"column":12},"end":{"line":201,"column":35}},"type":"binary-expr","locations":[{"start":{"line":201,"column":12},"end":{"line":201,"column":21}},{"start":{"line":201,"column":21},"end":{"line":201,"column":35}}],"line":201},"20":{"loc":{"start":{"line":218,"column":8},"end":{"line":218,"column":null}},"type":"if","locations":[{"start":{"line":218,"column":8},"end":{"line":218,"column":null}},{"start":{},"end":{}}],"line":218},"21":{"loc":{"start":{"line":224,"column":12},"end":{"line":228,"column":null}},"type":"if","locations":[{"start":{"line":224,"column":12},"end":{"line":228,"column":null}},{"start":{},"end":{}}],"line":224},"22":{"loc":{"start":{"line":238,"column":54},"end":{"line":238,"column":73}},"type":"default-arg","locations":[{"start":{"line":238,"column":67},"end":{"line":238,"column":73}}],"line":238},"23":{"loc":{"start":{"line":239,"column":31},"end":{"line":239,"column":null}},"type":"binary-expr","locations":[{"start":{"line":239,"column":31},"end":{"line":239,"column":45}},{"start":{"line":239,"column":45},"end":{"line":239,"column":null}}],"line":239},"24":{"loc":{"start":{"line":241,"column":8},"end":{"line":261,"column":null}},"type":"if","locations":[{"start":{"line":241,"column":8},"end":{"line":261,"column":null}},{"start":{"line":254,"column":15},"end":{"line":261,"column":null}}],"line":241},"25":{"loc":{"start":{"line":245,"column":12},"end":{"line":248,"column":null}},"type":"if","locations":[{"start":{"line":245,"column":12},"end":{"line":248,"column":null}},{"start":{},"end":{}}],"line":245},"26":{"loc":{"start":{"line":257,"column":12},"end":{"line":260,"column":null}},"type":"if","locations":[{"start":{"line":257,"column":12},"end":{"line":260,"column":null}},{"start":{},"end":{}}],"line":257},"27":{"loc":{"start":{"line":257,"column":16},"end":{"line":257,"column":61}},"type":"binary-expr","locations":[{"start":{"line":257,"column":16},"end":{"line":257,"column":28}},{"start":{"line":257,"column":28},"end":{"line":257,"column":61}}],"line":257},"28":{"loc":{"start":{"line":274,"column":12},"end":{"line":278,"column":null}},"type":"if","locations":[{"start":{"line":274,"column":12},"end":{"line":278,"column":null}},{"start":{},"end":{}}],"line":274},"29":{"loc":{"start":{"line":281,"column":12},"end":{"line":285,"column":null}},"type":"if","locations":[{"start":{"line":281,"column":12},"end":{"line":285,"column":null}},{"start":{"line":283,"column":19},"end":{"line":285,"column":null}}],"line":281},"30":{"loc":{"start":{"line":281,"column":16},"end":{"line":281,"column":88}},"type":"binary-expr","locations":[{"start":{"line":281,"column":16},"end":{"line":281,"column":56}},{"start":{"line":281,"column":56},"end":{"line":281,"column":88}}],"line":281},"31":{"loc":{"start":{"line":294,"column":8},"end":{"line":294,"column":null}},"type":"if","locations":[{"start":{"line":294,"column":8},"end":{"line":294,"column":null}},{"start":{},"end":{}}],"line":294},"32":{"loc":{"start":{"line":305,"column":8},"end":{"line":308,"column":null}},"type":"if","locations":[{"start":{"line":305,"column":8},"end":{"line":308,"column":null}},{"start":{},"end":{}}],"line":305},"33":{"loc":{"start":{"line":312,"column":8},"end":{"line":315,"column":null}},"type":"if","locations":[{"start":{"line":312,"column":8},"end":{"line":315,"column":null}},{"start":{},"end":{}}],"line":312},"34":{"loc":{"start":{"line":312,"column":12},"end":{"line":312,"column":57}},"type":"binary-expr","locations":[{"start":{"line":312,"column":12},"end":{"line":312,"column":24}},{"start":{"line":312,"column":24},"end":{"line":312,"column":57}}],"line":312},"35":{"loc":{"start":{"line":317,"column":8},"end":{"line":317,"column":null}},"type":"if","locations":[{"start":{"line":317,"column":8},"end":{"line":317,"column":null}},{"start":{},"end":{}}],"line":317},"36":{"loc":{"start":{"line":325,"column":12},"end":{"line":329,"column":null}},"type":"if","locations":[{"start":{"line":325,"column":12},"end":{"line":329,"column":null}},{"start":{"line":327,"column":19},"end":{"line":329,"column":null}}],"line":325},"37":{"loc":{"start":{"line":325,"column":16},"end":{"line":325,"column":88}},"type":"binary-expr","locations":[{"start":{"line":325,"column":16},"end":{"line":325,"column":56}},{"start":{"line":325,"column":56},"end":{"line":325,"column":88}}],"line":325},"38":{"loc":{"start":{"line":334,"column":4},"end":{"line":334,"column":null}},"type":"if","locations":[{"start":{"line":334,"column":4},"end":{"line":334,"column":null}},{"start":{},"end":{}}],"line":334},"39":{"loc":{"start":{"line":335,"column":4},"end":{"line":335,"column":null}},"type":"if","locations":[{"start":{"line":335,"column":4},"end":{"line":335,"column":null}},{"start":{},"end":{}}],"line":335},"40":{"loc":{"start":{"line":429,"column":41},"end":{"line":429,"column":null}},"type":"binary-expr","locations":[{"start":{"line":429,"column":41},"end":{"line":429,"column":64}},{"start":{"line":429,"column":64},"end":{"line":429,"column":null}}],"line":429},"41":{"loc":{"start":{"line":477,"column":25},"end":{"line":485,"column":null}},"type":"binary-expr","locations":[{"start":{"line":477,"column":25},"end":{"line":477,"column":null}},{"start":{"line":478,"column":28},"end":{"line":485,"column":null}}],"line":477},"42":{"loc":{"start":{"line":502,"column":36},"end":{"line":507,"column":null}},"type":"if","locations":[{"start":{"line":502,"column":36},"end":{"line":507,"column":null}},{"start":{"line":504,"column":36},"end":{"line":507,"column":null}}],"line":502},"43":{"loc":{"start":{"line":504,"column":36},"end":{"line":507,"column":null}},"type":"if","locations":[{"start":{"line":504,"column":36},"end":{"line":507,"column":null}},{"start":{},"end":{}}],"line":504},"44":{"loc":{"start":{"line":511,"column":36},"end":{"line":513,"column":null}},"type":"if","locations":[{"start":{"line":511,"column":36},"end":{"line":513,"column":null}},{"start":{},"end":{}}],"line":511},"45":{"loc":{"start":{"line":523,"column":36},"end":{"line":527,"column":null}},"type":"if","locations":[{"start":{"line":523,"column":36},"end":{"line":527,"column":null}},{"start":{"line":525,"column":43},"end":{"line":527,"column":null}}],"line":523},"46":{"loc":{"start":{"line":532,"column":29},"end":{"line":544,"column":null}},"type":"binary-expr","locations":[{"start":{"line":532,"column":29},"end":{"line":532,"column":null}},{"start":{"line":533,"column":32},"end":{"line":544,"column":null}}],"line":532},"47":{"loc":{"start":{"line":539,"column":40},"end":{"line":539,"column":null}},"type":"if","locations":[{"start":{"line":539,"column":40},"end":{"line":539,"column":null}},{"start":{},"end":{}}],"line":539},"48":{"loc":{"start":{"line":551,"column":25},"end":{"line":581,"column":null}},"type":"cond-expr","locations":[{"start":{"line":552,"column":28},"end":{"line":559,"column":null}},{"start":{"line":560,"column":28},"end":{"line":581,"column":null}}],"line":551},"49":{"loc":{"start":{"line":560,"column":28},"end":{"line":581,"column":null}},"type":"cond-expr","locations":[{"start":{"line":561,"column":28},"end":{"line":567,"column":null}},{"start":{"line":569,"column":28},"end":{"line":581,"column":null}}],"line":560},"50":{"loc":{"start":{"line":576,"column":40},"end":{"line":578,"column":null}},"type":"cond-expr","locations":[{"start":{"line":577,"column":46},"end":{"line":577,"column":null}},{"start":{"line":578,"column":46},"end":{"line":578,"column":null}}],"line":576},"51":{"loc":{"start":{"line":576,"column":40},"end":{"line":576,"column":null}},"type":"binary-expr","locations":[{"start":{"line":576,"column":40},"end":{"line":576,"column":61}},{"start":{"line":576,"column":61},"end":{"line":576,"column":null}}],"line":576},"52":{"loc":{"start":{"line":596,"column":25},"end":{"line":612,"column":null}},"type":"cond-expr","locations":[{"start":{"line":597,"column":28},"end":{"line":610,"column":null}},{"start":{"line":612,"column":28},"end":{"line":612,"column":null}}],"line":596},"53":{"loc":{"start":{"line":619,"column":13},"end":{"line":740,"column":null}},"type":"binary-expr","locations":[{"start":{"line":619,"column":13},"end":{"line":619,"column":null}},{"start":{"line":620,"column":16},"end":{"line":740,"column":null}}],"line":619},"54":{"loc":{"start":{"line":709,"column":49},"end":{"line":709,"column":null}},"type":"binary-expr","locations":[{"start":{"line":709,"column":49},"end":{"line":709,"column":72}},{"start":{"line":709,"column":72},"end":{"line":709,"column":null}}],"line":709},"55":{"loc":{"start":{"line":724,"column":49},"end":{"line":724,"column":71}},"type":"binary-expr","locations":[{"start":{"line":724,"column":49},"end":{"line":724,"column":69}},{"start":{"line":724,"column":69},"end":{"line":724,"column":71}}],"line":724},"56":{"loc":{"start":{"line":729,"column":29},"end":{"line":736,"column":null}},"type":"binary-expr","locations":[{"start":{"line":729,"column":29},"end":{"line":729,"column":null}},{"start":{"line":730,"column":32},"end":{"line":736,"column":null}}],"line":729}},"s":{"0":10,"1":10,"2":10,"3":10,"4":10,"5":10,"6":10,"7":10,"8":10,"9":10,"10":10,"11":10,"12":10,"13":10,"14":10,"15":0,"16":0,"17":0,"18":0,"19":0,"20":0,"21":0,"22":0,"23":0,"24":0,"25":0,"26":10,"27":6,"28":2,"29":4,"30":4,"31":4,"32":10,"33":0,"34":0,"35":0,"36":0,"37":10,"38":6,"39":2,"40":4,"41":4,"42":4,"43":0,"44":0,"45":0,"46":0,"47":0,"48":0,"49":0,"50":0,"51":0,"52":0,"53":0,"54":0,"55":0,"56":0,"57":0,"58":0,"59":0,"60":0,"61":0,"62":4,"63":4,"64":4,"65":10,"66":6,"67":6,"68":0,"69":0,"70":0,"71":0,"72":0,"73":0,"74":0,"75":0,"76":0,"77":0,"78":0,"79":0,"80":0,"81":0,"82":0,"83":0,"84":0,"85":0,"86":0,"87":0,"88":0,"89":0,"90":0,"91":0,"92":0,"93":0,"94":0,"95":0,"96":0,"97":0,"98":0,"99":0,"100":0,"101":0,"102":0,"103":0,"104":0,"105":0,"106":0,"107":0,"108":0,"109":0,"110":0,"111":0,"112":0,"113":0,"114":0,"115":0,"116":0,"117":0,"118":0,"119":0,"120":0,"121":0,"122":0,"123":0,"124":0,"125":0,"126":0,"127":0,"128":0,"129":0,"130":0,"131":0,"132":0,"133":0,"134":0,"135":0,"136":0,"137":0,"138":0,"139":0,"140":0,"141":0,"142":0,"143":0,"144":0,"145":0,"146":0,"147":0,"148":0,"149":0,"150":0,"151":0,"152":0,"153":0,"154":0,"155":0,"156":0,"157":0,"158":0,"159":0,"160":0,"161":0,"162":0,"163":10,"164":1,"165":9,"166":1,"167":8,"168":0,"169":0,"170":0,"171":0,"172":0,"173":0,"174":0,"175":0,"176":0,"177":0,"178":0,"179":0,"180":0,"181":0,"182":0,"183":0,"184":0,"185":0,"186":0,"187":0,"188":0,"189":0,"190":0,"191":0,"192":0,"193":0,"194":0,"195":0,"196":0,"197":0,"198":0,"199":0,"200":0,"201":0,"202":0,"203":0,"204":0,"205":0,"206":0,"207":0,"208":0,"209":0},"f":{"0":10,"1":0,"2":0,"3":0,"4":6,"5":4,"6":0,"7":6,"8":4,"9":0,"10":0,"11":0,"12":0,"13":0,"14":0,"15":0,"16":0,"17":6,"18":0,"19":0,"20":0,"21":0,"22":0,"23":0,"24":0,"25":0,"26":0,"27":0,"28":0,"29":0,"30":0,"31":0,"32":0,"33":0,"34":0,"35":0,"36":0,"37":0,"38":0,"39":0,"40":0,"41":0,"42":0,"43":0,"44":0,"45":0,"46":0,"47":0,"48":0,"49":0,"50":0,"51":0,"52":0,"53":0},"b":{"0":[0],"1":[0],"2":[0,0],"3":[0,0,0],"4":[0,0],"5":[0,0],"6":[2,4],"7":[0,0],"8":[2,4],"9":[6,4],"10":[0,0],"11":[6,0],"12":[6,4],"13":[0,0],"14":[0,0],"15":[0,0],"16":[0,0],"17":[0,0],"18":[0,0],"19":[0,0],"20":[0,0],"21":[0,0],"22":[0],"23":[0,0],"24":[0,0],"25":[0,0],"26":[0,0],"27":[0,0],"28":[0,0],"29":[0,0],"30":[0,0],"31":[0,0],"32":[0,0],"33":[0,0],"34":[0,0],"35":[0,0],"36":[0,0],"37":[0,0],"38":[1,9],"39":[1,8],"40":[0,0],"41":[8,8],"42":[0,0],"43":[0,0],"44":[0,0],"45":[0,0],"46":[10,0],"47":[0,0],"48":[0,8],"49":[8,0],"50":[0,0],"51":[0,0],"52":[6,2],"53":[10,0],"54":[0,0],"55":[0,0],"56":[0,0]},"meta":{"lastBranch":57,"lastFunction":54,"lastStatement":210,"seen":{"f:15:24:15:30":0,"s:16:261:16:Infinity":0,"s:17:164:17:Infinity":1,"s:20:42:20:Infinity":2,"s:21:34:21:Infinity":3,"s:22:42:22:Infinity":4,"s:23:50:23:Infinity":5,"s:24:32:24:Infinity":6,"s:25:50:25:Infinity":7,"s:26:38:26:Infinity":8,"s:27:40:27:Infinity":9,"s:28:50:28:Infinity":10,"s:29:46:29:Infinity":11,"s:30:44:30:Infinity":12,"s:33:10:33:Infinity":13,"s:36:28:53:Infinity":14,"f:36:28:36:29":1,"b:36:52:36:58":0,"b:36:70:36:79":1,"b:37:8:52:Infinity:48:15:52:Infinity":2,"s:37:8:52:Infinity":15,"b:37:12:37:25:37:25:37:53:37:53:37:75":3,"s:39:25:39:Infinity":16,"f:39:39:39:44":2,"s:39:44:39:49":17,"s:40:26:40:Infinity":18,"b:40:48:40:61:40:61:40:Infinity":4,"f:40:76:40:83":3,"s:40:83:40:99":19,"b:41:12:47:Infinity:44:19:47:Infinity":5,"s:41:12:47:Infinity":20,"s:42:16:42:Infinity":21,"s:43:16:43:Infinity":22,"s:46:16:46:Infinity":23,"s:50:12:50:Infinity":24,"s:51:12:51:Infinity":25,"s:58:4:65:Infinity":26,"f:58:14:58:20":4,"b:59:8:59:Infinity:undefined:undefined:undefined:undefined":6,"s:59:8:59:Infinity":27,"s:59:34:59:Infinity":28,"f:60:23:60:39":5,"s:61:24:61:Infinity":29,"s:62:12:62:Infinity":30,"s:64:8:64:Infinity":31,"s:68:29:72:Infinity":32,"f:68:29:68:41":6,"b:69:8:69:Infinity:undefined:undefined:undefined:undefined":7,"s:69:8:69:Infinity":33,"s:69:34:69:Infinity":34,"s:70:20:70:Infinity":35,"s:71:8:71:Infinity":36,"s:78:4:129:Infinity":37,"f:78:14:78:20":7,"b:79:8:79:Infinity:undefined:undefined:undefined:undefined":8,"s:79:8:79:Infinity":38,"b:79:12:79:36:79:36:79:63":9,"s:79:63:79:Infinity":39,"s:82:8:82:Infinity":40,"f:84:23:84:41":8,"s:85:12:126:Infinity":41,"s:87:33:90:Infinity":42,"f:87:68:87:75":9,"s:88:20:88:Infinity":43,"s:89:20:89:Infinity":44,"s:91:16:91:Infinity":45,"s:94:16:94:Infinity":46,"f:94:34:94:39":10,"s:94:39:94:57":47,"s:97:33:100:Infinity":48,"f:97:62:97:69":11,"s:98:20:98:Infinity":49,"s:99:20:99:Infinity":50,"s:101:16:101:Infinity":51,"s:104:16:104:Infinity":52,"f:104:34:104:39":12,"s:104:39:104:57":53,"s:107:31:110:Infinity":54,"f:107:63:107:70":13,"s:108:20:108:Infinity":55,"s:109:20:109:Infinity":56,"s:113:37:120:Infinity":57,"f:114:28:114:29":14,"s:115:24:116:Infinity":58,"b:115:24:115:Infinity:116:24:116:Infinity":10,"f:116:49:116:54":15,"s:116:54:116:85":59,"f:118:25:118:34":16,"s:118:34:118:45":60,"s:121:16:121:Infinity":61,"s:123:16:123:Infinity":62,"s:125:16:125:Infinity":63,"s:128:8:128:Infinity":64,"s:134:4:148:Infinity":65,"f:134:14:134:20":17,"b:136:8:136:Infinity:undefined:undefined:undefined:undefined":11,"s:136:8:136:Infinity":66,"b:136:12:136:36:136:36:136:42":12,"s:136:42:136:Infinity":67,"s:138:26:144:Infinity":68,"f:138:37:138:43":18,"b:140:12:143:Infinity:undefined:undefined:undefined:undefined":13,"s:140:12:143:Infinity":69,"s:141:16:141:Infinity":70,"s:142:16:142:Infinity":71,"s:147:8:147:Infinity":72,"f:147:15:147:21":19,"s:147:21:147:Infinity":73,"f:150:19:150:32":20,"b:151:8:151:Infinity:undefined:undefined:undefined:undefined":14,"s:151:8:151:Infinity":74,"s:151:20:151:Infinity":75,"s:153:21:153:Infinity":76,"s:156:23:156:Infinity":77,"b:156:23:156:46:156:46:156:Infinity":15,"s:157:8:157:Infinity":78,"f:165:19:165:39":21,"s:166:8:180:Infinity":79,"s:168:27:168:Infinity":80,"s:169:12:169:Infinity":81,"s:170:12:170:Infinity":82,"s:171:12:171:Infinity":83,"s:172:12:172:Infinity":84,"b:174:12:176:Infinity:undefined:undefined:undefined:undefined":16,"s:174:12:176:Infinity":85,"s:175:16:175:Infinity":86,"s:178:12:178:Infinity":87,"s:179:12:179:Infinity":88,"f:186:19:186:36":22,"s:187:23:187:Infinity":89,"s:188:8:188:Infinity":90,"s:189:8:189:Infinity":91,"b:191:8:193:Infinity:undefined:undefined:undefined:undefined":17,"s:191:8:193:Infinity":92,"s:192:12:192:Infinity":93,"f:199:19:199:42":23,"s:200:21:200:Infinity":94,"b:201:8:201:Infinity:undefined:undefined:undefined:undefined":18,"s:201:8:201:Infinity":95,"b:201:12:201:21:201:21:201:35":19,"s:201:35:201:Infinity":96,"s:203:8:210:Infinity":97,"s:205:12:205:Infinity":98,"s:206:12:206:Infinity":99,"s:208:12:208:Infinity":100,"s:209:12:209:Infinity":101,"f:216:19:216:40":24,"s:217:8:217:Infinity":102,"b:218:8:218:Infinity:undefined:undefined:undefined:undefined":20,"s:218:8:218:Infinity":103,"s:218:83:218:Infinity":104,"s:220:8:232:Infinity":105,"s:221:12:221:Infinity":106,"s:222:12:222:Infinity":107,"b:224:12:228:Infinity:undefined:undefined:undefined:undefined":21,"s:224:12:228:Infinity":108,"s:225:16:225:Infinity":109,"s:226:16:226:Infinity":110,"s:227:16:227:Infinity":111,"s:230:12:230:Infinity":112,"s:231:12:231:Infinity":113,"f:238:19:238:44":25,"b:238:67:238:73":22,"s:239:31:239:Infinity":114,"b:239:31:239:45:239:45:239:Infinity":23,"b:241:8:261:Infinity:254:15:261:Infinity":24,"s:241:8:261:Infinity":115,"s:243:35:243:Infinity":116,"f:243:52:243:57":26,"s:243:57:243:81":117,"b:245:12:248:Infinity:undefined:undefined:undefined:undefined":25,"s:245:12:248:Infinity":118,"s:246:16:246:Infinity":119,"s:247:16:247:Infinity":120,"s:251:12:251:Infinity":121,"s:252:12:252:Infinity":122,"s:253:12:253:Infinity":123,"s:256:29:256:Infinity":124,"f:256:44:256:49":27,"s:256:49:256:74":125,"b:257:12:260:Infinity:undefined:undefined:undefined:undefined":26,"s:257:12:260:Infinity":126,"b:257:16:257:28:257:28:257:61":27,"s:258:16:258:Infinity":127,"s:259:16:259:Infinity":128,"s:264:8:264:Infinity":129,"f:270:19:270:46":28,"s:271:8:287:Infinity":130,"s:272:12:272:Infinity":131,"b:274:12:278:Infinity:undefined:undefined:undefined:undefined":28,"s:274:12:278:Infinity":132,"s:276:31:276:Infinity":133,"s:277:16:277:Infinity":134,"s:279:12:279:Infinity":135,"b:281:12:285:Infinity:283:19:285:Infinity":29,"s:281:12:285:Infinity":136,"b:281:16:281:56:281:56:281:88":30,"s:282:16:282:Infinity":137,"s:284:16:284:Infinity":138,"s:286:12:286:Infinity":139,"f:293:19:293:40":29,"b:294:8:294:Infinity:undefined:undefined:undefined:undefined":31,"s:294:8:294:Infinity":140,"s:294:30:294:Infinity":141,"s:296:8:296:Infinity":142,"s:297:8:297:Infinity":143,"s:298:8:298:Infinity":144,"f:304:19:304:49":30,"b:305:8:308:Infinity:undefined:undefined:undefined:undefined":32,"s:305:8:308:Infinity":145,"s:306:12:306:Infinity":146,"s:307:12:307:Infinity":147,"s:311:25:311:Infinity":148,"f:311:40:311:45":31,"s:311:45:311:71":149,"b:312:8:315:Infinity:undefined:undefined:undefined:undefined":33,"s:312:8:315:Infinity":150,"b:312:12:312:24:312:24:312:57":34,"s:313:12:313:Infinity":151,"s:314:12:314:Infinity":152,"b:317:8:317:Infinity:undefined:undefined:undefined:undefined":35,"s:317:8:317:Infinity":153,"s:317:69:317:Infinity":154,"s:319:8:331:Infinity":155,"s:320:12:320:Infinity":156,"s:322:27:322:Infinity":157,"s:323:12:323:Infinity":158,"b:325:12:329:Infinity:327:19:329:Infinity":36,"s:325:12:329:Infinity":159,"b:325:16:325:56:325:56:325:88":37,"s:326:16:326:Infinity":160,"s:328:16:328:Infinity":161,"s:330:12:330:Infinity":162,"b:334:4:334:Infinity:undefined:undefined:undefined:undefined":38,"s:334:4:334:Infinity":163,"s:334:17:334:Infinity":164,"b:335:4:335:Infinity:undefined:undefined:undefined:undefined":39,"s:335:4:335:Infinity":165,"s:335:30:335:Infinity":166,"s:337:4:742:Infinity":167,"f:354:33:354:39":32,"s:355:28:355:Infinity":168,"s:356:28:356:Infinity":169,"f:405:39:405:Infinity":33,"s:406:28:475:Infinity":170,"f:418:46:418:47":34,"s:419:36:419:Infinity":171,"s:420:36:420:Infinity":172,"f:422:46:422:47":35,"s:423:36:423:Infinity":173,"s:424:36:424:Infinity":174,"f:426:41:426:47":36,"s:426:47:426:Infinity":175,"b:429:41:429:64:429:64:429:Infinity":40,"f:450:45:450:46":37,"s:450:52:450:Infinity":176,"f:461:50:461:51":38,"s:462:40:462:Infinity":177,"s:463:40:463:Infinity":178,"s:464:40:464:Infinity":179,"f:466:50:466:51":39,"s:467:40:467:Infinity":180,"s:468:40:468:Infinity":181,"s:469:40:469:Infinity":182,"b:477:25:477:Infinity:478:28:485:Infinity":41,"f:501:43:501:44":40,"b:502:36:507:Infinity:504:36:507:Infinity":42,"s:502:36:507:Infinity":183,"s:503:40:503:Infinity":184,"b:504:36:507:Infinity:undefined:undefined:undefined:undefined":43,"s:504:36:507:Infinity":185,"s:505:40:505:Infinity":186,"s:506:40:506:Infinity":187,"f:509:42:509:43":41,"b:511:36:513:Infinity:undefined:undefined:undefined:undefined":44,"s:511:36:513:Infinity":188,"s:512:40:512:Infinity":189,"f:521:41:521:47":42,"s:522:50:522:Infinity":190,"b:523:36:527:Infinity:525:43:527:Infinity":45,"s:523:36:527:Infinity":191,"s:524:40:524:Infinity":192,"s:526:40:526:Infinity":193,"b:532:29:532:Infinity:533:32:544:Infinity":46,"f:536:45:536:51":43,"s:537:40:537:Infinity":194,"s:538:54:538:Infinity":195,"b:539:40:539:Infinity:undefined:undefined:undefined:undefined":47,"s:539:40:539:Infinity":196,"s:539:51:539:Infinity":197,"b:552:28:559:Infinity:560:28:581:Infinity":48,"b:561:28:567:Infinity:569:28:581:Infinity":49,"b:577:46:577:Infinity:578:46:578:Infinity":50,"b:576:40:576:61:576:61:576:Infinity":51,"f:576:76:576:81":44,"s:576:81:576:107":198,"b:597:28:610:Infinity:612:28:612:Infinity":52,"b:619:13:619:Infinity:620:16:740:Infinity":53,"f:633:29:633:35":45,"s:634:24:634:Infinity":199,"s:635:24:635:Infinity":200,"f:650:33:650:34":46,"s:650:40:650:Infinity":201,"f:662:41:662:47":47,"s:663:36:663:Infinity":202,"s:664:36:664:Infinity":203,"f:690:40:690:45":48,"s:690:45:690:69":204,"f:691:37:691:Infinity":49,"s:692:36:727:Infinity":205,"f:694:49:694:55":50,"s:694:55:694:Infinity":206,"f:705:54:705:55":51,"s:705:61:705:Infinity":207,"f:706:54:706:55":52,"s:706:61:706:Infinity":208,"b:709:49:709:72:709:72:709:Infinity":54,"b:724:49:724:69:724:69:724:71":55,"b:729:29:729:Infinity:730:32:736:Infinity":56,"f:729:46:729:51":53,"s:729:51:729:75":209}}}
,"D:\\School\\I3AA\\M306\\Music-clone\\project\\src\\components\\HomeButton.jsx": {"path":"D:\\School\\I3AA\\M306\\Music-clone\\project\\src\\components\\HomeButton.jsx","statementMap":{"0":{"start":{"line":2,"column":4},"end":{"line":20,"column":null}},"1":{"start":{"line":16,"column":34},"end":{"line":16,"column":null}},"2":{"start":{"line":17,"column":34},"end":{"line":17,"column":null}}},"fnMap":{"0":{"name":"HomeButton","decl":{"start":{"line":1,"column":24},"end":{"line":1,"column":35}},"loc":{"start":{"line":1,"column":47},"end":{"line":22,"column":null}},"line":1},"1":{"name":"(anonymous_1)","decl":{"start":{"line":16,"column":26},"end":{"line":16,"column":27}},"loc":{"start":{"line":16,"column":34},"end":{"line":16,"column":null}},"line":16},"2":{"name":"(anonymous_2)","decl":{"start":{"line":17,"column":26},"end":{"line":17,"column":27}},"loc":{"start":{"line":17,"column":34},"end":{"line":17,"column":null}},"line":17}},"branchMap":{},"s":{"0":3,"1":0,"2":0},"f":{"0":3,"1":0,"2":0},"b":{},"meta":{"lastBranch":0,"lastFunction":3,"lastStatement":3,"seen":{"f:1:24:1:35":0,"s:2:4:20:Infinity":0,"f:16:26:16:27":1,"s:16:34:16:Infinity":1,"f:17:26:17:27":2,"s:17:34:17:Infinity":2}}}
,"D:\\School\\I3AA\\M306\\Music-clone\\project\\src\\components\\HomeView.jsx": {"path":"D:\\School\\I3AA\\M306\\Music-clone\\project\\src\\components\\HomeView.jsx","statementMap":{"0":{"start":{"line":8,"column":23},"end":{"line":85,"column":null}},"1":{"start":{"line":9,"column":8},"end":{"line":9,"column":null}},"2":{"start":{"line":9,"column":42},"end":{"line":9,"column":null}},"3":{"start":{"line":11,"column":8},"end":{"line":83,"column":null}},"4":{"start":{"line":27,"column":38},"end":{"line":27,"column":null}},"5":{"start":{"line":28,"column":37},"end":{"line":28,"column":null}},"6":{"start":{"line":29,"column":35},"end":{"line":29,"column":null}},"7":{"start":{"line":31,"column":24},"end":{"line":79,"column":null}},"8":{"start":{"line":35,"column":36},"end":{"line":39,"column":null}},"9":{"start":{"line":36,"column":40},"end":{"line":36,"column":null}},"10":{"start":{"line":38,"column":40},"end":{"line":38,"column":null}},"11":{"start":{"line":46,"column":36},"end":{"line":46,"column":null}},"12":{"start":{"line":47,"column":36},"end":{"line":47,"column":null}},"13":{"start":{"line":50,"column":36},"end":{"line":50,"column":null}},"14":{"start":{"line":51,"column":36},"end":{"line":51,"column":null}},"15":{"start":{"line":87,"column":4},"end":{"line":109,"column":null}}},"fnMap":{"0":{"name":"HomeView","decl":{"start":{"line":1,"column":24},"end":{"line":1,"column":33}},"loc":{"start":{"line":7,"column":3},"end":{"line":111,"column":null}},"line":7},"1":{"name":"(anonymous_1)","decl":{"start":{"line":8,"column":23},"end":{"line":8,"column":24}},"loc":{"start":{"line":8,"column":64},"end":{"line":85,"column":null}},"line":8},"2":{"name":"(anonymous_2)","decl":{"start":{"line":26,"column":31},"end":{"line":26,"column":32}},"loc":{"start":{"line":26,"column":41},"end":{"line":81,"column":21}},"line":26},"3":{"name":"(anonymous_3)","decl":{"start":{"line":34,"column":41},"end":{"line":34,"column":47}},"loc":{"start":{"line":34,"column":47},"end":{"line":40,"column":null}},"line":34},"4":{"name":"(anonymous_4)","decl":{"start":{"line":45,"column":46},"end":{"line":45,"column":47}},"loc":{"start":{"line":45,"column":53},"end":{"line":48,"column":null}},"line":45},"5":{"name":"(anonymous_5)","decl":{"start":{"line":49,"column":46},"end":{"line":49,"column":47}},"loc":{"start":{"line":49,"column":53},"end":{"line":52,"column":null}},"line":49}},"branchMap":{"0":{"loc":{"start":{"line":8,"column":38},"end":{"line":8,"column":64}},"type":"default-arg","locations":[{"start":{"line":8,"column":49},"end":{"line":8,"column":64}}],"line":8},"1":{"loc":{"start":{"line":9,"column":8},"end":{"line":9,"column":null}},"type":"if","locations":[{"start":{"line":9,"column":8},"end":{"line":9,"column":null}},{"start":{},"end":{}}],"line":9},"2":{"loc":{"start":{"line":9,"column":12},"end":{"line":9,"column":42}},"type":"binary-expr","locations":[{"start":{"line":9,"column":12},"end":{"line":9,"column":22}},{"start":{"line":9,"column":22},"end":{"line":9,"column":42}}],"line":9},"3":{"loc":{"start":{"line":35,"column":36},"end":{"line":39,"column":null}},"type":"if","locations":[{"start":{"line":35,"column":36},"end":{"line":39,"column":null}},{"start":{"line":37,"column":43},"end":{"line":39,"column":null}}],"line":35},"4":{"loc":{"start":{"line":96,"column":60},"end":{"line":107,"column":null}},"type":"binary-expr","locations":[{"start":{"line":98,"column":14},"end":{"line":98,"column":36}},{"start":{"line":98,"column":36},"end":{"line":98,"column":null}},{"start":{"line":99,"column":14},"end":{"line":99,"column":31}},{"start":{"line":99,"column":31},"end":{"line":99,"column":null}},{"start":{"line":100,"column":14},"end":{"line":100,"column":30}},{"start":{"line":100,"column":30},"end":{"line":100,"column":null}},{"start":{"line":101,"column":16},"end":{"line":107,"column":null}}],"line":96}},"s":{"0":16,"1":48,"2":40,"3":8,"4":10,"5":10,"6":10,"7":10,"8":2,"9":1,"10":1,"11":0,"12":0,"13":0,"14":0,"15":16},"f":{"0":16,"1":48,"2":10,"3":2,"4":0,"5":0},"b":{"0":[48],"1":[40,8],"2":[48,48],"3":[1,1],"4":[16,16,12,12,11,11,9]},"meta":{"lastBranch":5,"lastFunction":6,"lastStatement":16,"seen":{"f:1:24:1:33":0,"s:8:23:85:Infinity":0,"f:8:23:8:24":1,"b:8:49:8:64":0,"b:9:8:9:Infinity:undefined:undefined:undefined:undefined":1,"s:9:8:9:Infinity":1,"b:9:12:9:22:9:22:9:42":2,"s:9:42:9:Infinity":2,"s:11:8:83:Infinity":3,"f:26:31:26:32":2,"s:27:38:27:Infinity":4,"s:28:37:28:Infinity":5,"s:29:35:29:Infinity":6,"s:31:24:79:Infinity":7,"f:34:41:34:47":3,"b:35:36:39:Infinity:37:43:39:Infinity":3,"s:35:36:39:Infinity":8,"s:36:40:36:Infinity":9,"s:38:40:38:Infinity":10,"f:45:46:45:47":4,"s:46:36:46:Infinity":11,"s:47:36:47:Infinity":12,"f:49:46:49:47":5,"s:50:36:50:Infinity":13,"s:51:36:51:Infinity":14,"s:87:4:109:Infinity":15,"b:98:14:98:36:98:36:98:Infinity:99:14:99:31:99:31:99:Infinity:100:14:100:30:100:30:100:Infinity:101:16:107:Infinity":4}}}
,"D:\\School\\I3AA\\M306\\Music-clone\\project\\src\\components\\LoggedIn.jsx": {"path":"D:\\School\\I3AA\\M306\\Music-clone\\project\\src\\components\\LoggedIn.jsx","statementMap":{"0":{"start":{"line":2,"column":4},"end":{"line":2,"column":null}},"1":{"start":{"line":2,"column":15},"end":{"line":2,"column":null}},"2":{"start":{"line":4,"column":4},"end":{"line":41,"column":null}}},"fnMap":{"0":{"name":"LoggedIn","decl":{"start":{"line":1,"column":24},"end":{"line":1,"column":33}},"loc":{"start":{"line":1,"column":60},"end":{"line":43,"column":null}},"line":1}},"branchMap":{"0":{"loc":{"start":{"line":2,"column":4},"end":{"line":2,"column":null}},"type":"if","locations":[{"start":{"line":2,"column":4},"end":{"line":2,"column":null}},{"start":{},"end":{}}],"line":2},"1":{"loc":{"start":{"line":8,"column":13},"end":{"line":9,"column":null}},"type":"binary-expr","locations":[{"start":{"line":8,"column":13},"end":{"line":8,"column":null}},{"start":{"line":9,"column":16},"end":{"line":9,"column":null}}],"line":8}},"s":{"0":7,"1":1,"2":6},"f":{"0":7},"b":{"0":[1,6],"1":[6,3]},"meta":{"lastBranch":2,"lastFunction":1,"lastStatement":3,"seen":{"f:1:24:1:33":0,"b:2:4:2:Infinity:undefined:undefined:undefined:undefined":0,"s:2:4:2:Infinity":0,"s:2:15:2:Infinity":1,"s:4:4:41:Infinity":2,"b:8:13:8:Infinity:9:16:9:Infinity":1}}}
,"D:\\School\\I3AA\\M306\\Music-clone\\project\\src\\components\\Login.jsx": {"path":"D:\\School\\I3AA\\M306\\Music-clone\\project\\src\\components\\Login.jsx","statementMap":{"0":{"start":{"line":2,"column":4},"end":{"line":6,"column":null}}},"fnMap":{"0":{"name":"Login","decl":{"start":{"line":1,"column":24},"end":{"line":1,"column":30}},"loc":{"start":{"line":1,"column":41},"end":{"line":8,"column":null}},"line":1}},"branchMap":{},"s":{"0":3},"f":{"0":3},"b":{},"meta":{"lastBranch":0,"lastFunction":1,"lastStatement":1,"seen":{"f:1:24:1:30":0,"s:2:4:6:Infinity":0}}}
,"D:\\School\\I3AA\\M306\\Music-clone\\project\\src\\components\\OAuthInfo.jsx": {"path":"D:\\School\\I3AA\\M306\\Music-clone\\project\\src\\components\\OAuthInfo.jsx","statementMap":{"0":{"start":{"line":2,"column":4},"end":{"line":2,"column":null}},"1":{"start":{"line":2,"column":16},"end":{"line":2,"column":null}},"2":{"start":{"line":4,"column":4},"end":{"line":14,"column":null}}},"fnMap":{"0":{"name":"OAuthInfo","decl":{"start":{"line":1,"column":24},"end":{"line":1,"column":34}},"loc":{"start":{"line":1,"column":45},"end":{"line":16,"column":null}},"line":1}},"branchMap":{"0":{"loc":{"start":{"line":2,"column":4},"end":{"line":2,"column":null}},"type":"if","locations":[{"start":{"line":2,"column":4},"end":{"line":2,"column":null}},{"start":{},"end":{}}],"line":2}},"s":{"0":5,"1":2,"2":3},"f":{"0":5},"b":{"0":[2,3]},"meta":{"lastBranch":1,"lastFunction":1,"lastStatement":3,"seen":{"f:1:24:1:34":0,"b:2:4:2:Infinity:undefined:undefined:undefined:undefined":0,"s:2:4:2:Infinity":0,"s:2:16:2:Infinity":1,"s:4:4:14:Infinity":2}}}
,"D:\\School\\I3AA\\M306\\Music-clone\\project\\src\\components\\Player.jsx": {"path":"D:\\School\\I3AA\\M306\\Music-clone\\project\\src\\components\\Player.jsx","statementMap":{"0":{"start":{"line":17,"column":42},"end":{"line":17,"column":null}},"1":{"start":{"line":19,"column":4},"end":{"line":21,"column":null}},"2":{"start":{"line":20,"column":8},"end":{"line":20,"column":null}},"3":{"start":{"line":20,"column":21},"end":{"line":20,"column":null}},"4":{"start":{"line":24,"column":4},"end":{"line":24,"column":null}},"5":{"start":{"line":24,"column":16},"end":{"line":24,"column":null}},"6":{"start":{"line":26,"column":23},"end":{"line":26,"column":null}},"7":{"start":{"line":28,"column":23},"end":{"line":33,"column":null}},"8":{"start":{"line":29,"column":29},"end":{"line":29,"column":null}},"9":{"start":{"line":30,"column":24},"end":{"line":30,"column":null}},"10":{"start":{"line":31,"column":24},"end":{"line":31,"column":null}},"11":{"start":{"line":32,"column":8},"end":{"line":32,"column":null}},"12":{"start":{"line":35,"column":23},"end":{"line":39,"column":null}},"13":{"start":{"line":36,"column":23},"end":{"line":36,"column":null}},"14":{"start":{"line":37,"column":8},"end":{"line":37,"column":null}},"15":{"start":{"line":38,"column":8},"end":{"line":38,"column":null}},"16":{"start":{"line":41,"column":4},"end":{"line":149,"column":null}},"17":{"start":{"line":48,"column":65},"end":{"line":48,"column":71}},"18":{"start":{"line":144,"column":37},"end":{"line":144,"column":null}}},"fnMap":{"0":{"name":"Player","decl":{"start":{"line":3,"column":24},"end":{"line":3,"column":31}},"loc":{"start":{"line":16,"column":34},"end":{"line":151,"column":null}},"line":16},"1":{"name":"(anonymous_1)","decl":{"start":{"line":19,"column":14},"end":{"line":19,"column":20}},"loc":{"start":{"line":19,"column":20},"end":{"line":21,"column":7}},"line":19},"2":{"name":"(anonymous_2)","decl":{"start":{"line":28,"column":23},"end":{"line":28,"column":24}},"loc":{"start":{"line":28,"column":31},"end":{"line":33,"column":null}},"line":28},"3":{"name":"(anonymous_3)","decl":{"start":{"line":35,"column":23},"end":{"line":35,"column":24}},"loc":{"start":{"line":35,"column":30},"end":{"line":39,"column":null}},"line":35},"4":{"name":"(anonymous_4)","decl":{"start":{"line":48,"column":60},"end":{"line":48,"column":65}},"loc":{"start":{"line":48,"column":65},"end":{"line":48,"column":71}},"line":48},"5":{"name":"(anonymous_5)","decl":{"start":{"line":144,"column":30},"end":{"line":144,"column":31}},"loc":{"start":{"line":144,"column":37},"end":{"line":144,"column":null}},"line":144}},"branchMap":{"0":{"loc":{"start":{"line":20,"column":8},"end":{"line":20,"column":null}},"type":"if","locations":[{"start":{"line":20,"column":8},"end":{"line":20,"column":null}},{"start":{},"end":{}}],"line":20},"1":{"loc":{"start":{"line":24,"column":4},"end":{"line":24,"column":null}},"type":"if","locations":[{"start":{"line":24,"column":4},"end":{"line":24,"column":null}},{"start":{},"end":{}}],"line":24},"2":{"loc":{"start":{"line":26,"column":23},"end":{"line":26,"column":null}},"type":"binary-expr","locations":[{"start":{"line":26,"column":23},"end":{"line":26,"column":55}},{"start":{"line":26,"column":55},"end":{"line":26,"column":null}}],"line":26},"3":{"loc":{"start":{"line":62,"column":39},"end":{"line":62,"column":null}},"type":"cond-expr","locations":[{"start":{"line":62,"column":62},"end":{"line":62,"column":74}},{"start":{"line":62,"column":74},"end":{"line":62,"column":null}}],"line":62},"4":{"loc":{"start":{"line":63,"column":44},"end":{"line":63,"column":null}},"type":"cond-expr","locations":[{"start":{"line":63,"column":67},"end":{"line":63,"column":94}},{"start":{"line":63,"column":94},"end":{"line":63,"column":null}}],"line":63},"5":{"loc":{"start":{"line":64,"column":40},"end":{"line":64,"column":null}},"type":"cond-expr","locations":[{"start":{"line":64,"column":63},"end":{"line":64,"column":85}},{"start":{"line":64,"column":85},"end":{"line":64,"column":null}}],"line":64},"6":{"loc":{"start":{"line":75,"column":32},"end":{"line":77,"column":null}},"type":"cond-expr","locations":[{"start":{"line":75,"column":55},"end":{"line":75,"column":null}},{"start":{"line":76,"column":32},"end":{"line":77,"column":null}}],"line":75},"7":{"loc":{"start":{"line":76,"column":32},"end":{"line":77,"column":null}},"type":"cond-expr","locations":[{"start":{"line":76,"column":57},"end":{"line":76,"column":null}},{"start":{"line":77,"column":32},"end":{"line":77,"column":null}}],"line":76},"8":{"loc":{"start":{"line":80,"column":29},"end":{"line":80,"column":null}},"type":"cond-expr","locations":[{"start":{"line":80,"column":54},"end":{"line":80,"column":61}},{"start":{"line":80,"column":61},"end":{"line":80,"column":null}}],"line":80},"9":{"loc":{"start":{"line":84,"column":29},"end":{"line":84,"column":null}},"type":"cond-expr","locations":[{"start":{"line":84,"column":38},"end":{"line":84,"column":44}},{"start":{"line":84,"column":44},"end":{"line":84,"column":null}}],"line":84},"10":{"loc":{"start":{"line":90,"column":21},"end":{"line":100,"column":null}},"type":"binary-expr","locations":[{"start":{"line":90,"column":21},"end":{"line":90,"column":null}},{"start":{"line":91,"column":24},"end":{"line":100,"column":null}}],"line":90},"11":{"loc":{"start":{"line":99,"column":29},"end":{"line":99,"column":null}},"type":"cond-expr","locations":[{"start":{"line":99,"column":54},"end":{"line":99,"column":72}},{"start":{"line":99,"column":72},"end":{"line":99,"column":null}}],"line":99}},"s":{"0":29,"1":29,"2":24,"3":3,"4":29,"5":5,"6":24,"7":29,"8":48,"9":48,"10":48,"11":48,"12":29,"13":1,"14":1,"15":1,"16":29,"17":46,"18":1},"f":{"0":29,"1":24,"2":48,"3":1,"4":46,"5":1},"b":{"0":[3,21],"1":[5,24],"2":[24,3],"3":[6,18],"4":[6,18],"5":[6,18],"6":[18,6],"7":[2,4],"8":[2,22],"9":[20,4],"10":[29,6],"11":[2,4]},"meta":{"lastBranch":12,"lastFunction":6,"lastStatement":19,"seen":{"f:3:24:3:31":0,"s:17:42:17:Infinity":0,"s:19:4:21:Infinity":1,"f:19:14:19:20":1,"b:20:8:20:Infinity:undefined:undefined:undefined:undefined":0,"s:20:8:20:Infinity":2,"s:20:21:20:Infinity":3,"b:24:4:24:Infinity:undefined:undefined:undefined:undefined":1,"s:24:4:24:Infinity":4,"s:24:16:24:Infinity":5,"s:26:23:26:Infinity":6,"b:26:23:26:55:26:55:26:Infinity":2,"s:28:23:33:Infinity":7,"f:28:23:28:24":2,"s:29:29:29:Infinity":8,"s:30:24:30:Infinity":9,"s:31:24:31:Infinity":10,"s:32:8:32:Infinity":11,"s:35:23:39:Infinity":12,"f:35:23:35:24":3,"s:36:23:36:Infinity":13,"s:37:8:37:Infinity":14,"s:38:8:38:Infinity":15,"s:41:4:149:Infinity":16,"f:48:60:48:65":4,"s:48:65:48:71":17,"b:62:62:62:74:62:74:62:Infinity":3,"b:63:67:63:94:63:94:63:Infinity":4,"b:64:63:64:85:64:85:64:Infinity":5,"b:75:55:75:Infinity:76:32:77:Infinity":6,"b:76:57:76:Infinity:77:32:77:Infinity":7,"b:80:54:80:61:80:61:80:Infinity":8,"b:84:38:84:44:84:44:84:Infinity":9,"b:90:21:90:Infinity:91:24:100:Infinity":10,"b:99:54:99:72:99:72:99:Infinity":11,"f:144:30:144:31":5,"s:144:37:144:Infinity":18}}}
,"D:\\School\\I3AA\\M306\\Music-clone\\project\\src\\components\\Playlist.jsx": {"path":"D:\\School\\I3AA\\M306\\Music-clone\\project\\src\\components\\Playlist.jsx","statementMap":{"0":{"start":{"line":2,"column":4},"end":{"line":4,"column":null}},"1":{"start":{"line":3,"column":8},"end":{"line":3,"column":null}},"2":{"start":{"line":6,"column":4},"end":{"line":151,"column":null}},"3":{"start":{"line":56,"column":20},"end":{"line":56,"column":null}},"4":{"start":{"line":56,"column":32},"end":{"line":56,"column":null}},"5":{"start":{"line":58,"column":32},"end":{"line":58,"column":null}},"6":{"start":{"line":59,"column":39},"end":{"line":59,"column":null}},"7":{"start":{"line":60,"column":36},"end":{"line":60,"column":null}},"8":{"start":{"line":61,"column":36},"end":{"line":63,"column":null}},"9":{"start":{"line":65,"column":20},"end":{"line":147,"column":null}},"10":{"start":{"line":76,"column":54},"end":{"line":76,"column":null}},"11":{"start":{"line":77,"column":51},"end":{"line":77,"column":null}},"12":{"start":{"line":77,"column":80},"end":{"line":77,"column":97}},"13":{"start":{"line":78,"column":32},"end":{"line":78,"column":null}},"14":{"start":{"line":80,"column":50},"end":{"line":80,"column":null}},"15":{"start":{"line":81,"column":50},"end":{"line":81,"column":null}},"16":{"start":{"line":105,"column":59},"end":{"line":105,"column":65}},"17":{"start":{"line":117,"column":40},"end":{"line":117,"column":null}},"18":{"start":{"line":118,"column":40},"end":{"line":118,"column":null}},"19":{"start":{"line":133,"column":40},"end":{"line":133,"column":null}},"20":{"start":{"line":134,"column":40},"end":{"line":134,"column":null}},"21":{"start":{"line":135,"column":40},"end":{"line":135,"column":null}},"22":{"start":{"line":138,"column":40},"end":{"line":138,"column":null}},"23":{"start":{"line":139,"column":40},"end":{"line":139,"column":null}},"24":{"start":{"line":140,"column":40},"end":{"line":140,"column":null}}},"fnMap":{"0":{"name":"Playlist","decl":{"start":{"line":1,"column":24},"end":{"line":1,"column":33}},"loc":{"start":{"line":1,"column":111},"end":{"line":153,"column":null}},"line":1},"1":{"name":"(anonymous_1)","decl":{"start":{"line":55,"column":28},"end":{"line":55,"column":29}},"loc":{"start":{"line":55,"column":39},"end":{"line":149,"column":17}},"line":55},"2":{"name":"(anonymous_2)","decl":{"start":{"line":75,"column":37},"end":{"line":75,"column":43}},"loc":{"start":{"line":75,"column":43},"end":{"line":79,"column":null}},"line":75},"3":{"name":"(anonymous_3)","decl":{"start":{"line":77,"column":75},"end":{"line":77,"column":80}},"loc":{"start":{"line":77,"column":80},"end":{"line":77,"column":97}},"line":77},"4":{"name":"(anonymous_4)","decl":{"start":{"line":80,"column":42},"end":{"line":80,"column":43}},"loc":{"start":{"line":80,"column":50},"end":{"line":80,"column":null}},"line":80},"5":{"name":"(anonymous_5)","decl":{"start":{"line":81,"column":42},"end":{"line":81,"column":43}},"loc":{"start":{"line":81,"column":50},"end":{"line":81,"column":null}},"line":81},"6":{"name":"(anonymous_6)","decl":{"start":{"line":105,"column":52},"end":{"line":105,"column":53}},"loc":{"start":{"line":105,"column":59},"end":{"line":105,"column":65}},"line":105},"7":{"name":"(anonymous_7)","decl":{"start":{"line":116,"column":45},"end":{"line":116,"column":46}},"loc":{"start":{"line":116,"column":52},"end":{"line":119,"column":null}},"line":116},"8":{"name":"(anonymous_8)","decl":{"start":{"line":132,"column":50},"end":{"line":132,"column":51}},"loc":{"start":{"line":132,"column":57},"end":{"line":136,"column":null}},"line":132},"9":{"name":"(anonymous_9)","decl":{"start":{"line":137,"column":50},"end":{"line":137,"column":51}},"loc":{"start":{"line":137,"column":57},"end":{"line":141,"column":null}},"line":137}},"branchMap":{"0":{"loc":{"start":{"line":1,"column":91},"end":{"line":1,"column":108}},"type":"default-arg","locations":[{"start":{"line":1,"column":103},"end":{"line":1,"column":108}}],"line":1},"1":{"loc":{"start":{"line":2,"column":4},"end":{"line":4,"column":null}},"type":"if","locations":[{"start":{"line":2,"column":4},"end":{"line":4,"column":null}},{"start":{},"end":{}}],"line":2},"2":{"loc":{"start":{"line":2,"column":8},"end":{"line":2,"column":40}},"type":"binary-expr","locations":[{"start":{"line":2,"column":8},"end":{"line":2,"column":19}},{"start":{"line":2,"column":19},"end":{"line":2,"column":40}}],"line":2},"3":{"loc":{"start":{"line":19,"column":17},"end":{"line":30,"column":null}},"type":"binary-expr","locations":[{"start":{"line":19,"column":17},"end":{"line":19,"column":null}},{"start":{"line":20,"column":20},"end":{"line":30,"column":null}}],"line":19},"4":{"loc":{"start":{"line":50,"column":17},"end":{"line":50,"column":null}},"type":"binary-expr","locations":[{"start":{"line":50,"column":17},"end":{"line":50,"column":34}},{"start":{"line":50,"column":34},"end":{"line":50,"column":null}}],"line":50},"5":{"loc":{"start":{"line":56,"column":20},"end":{"line":56,"column":null}},"type":"if","locations":[{"start":{"line":56,"column":20},"end":{"line":56,"column":null}},{"start":{},"end":{}}],"line":56},"6":{"loc":{"start":{"line":58,"column":32},"end":{"line":58,"column":null}},"type":"binary-expr","locations":[{"start":{"line":58,"column":32},"end":{"line":58,"column":65}},{"start":{"line":58,"column":65},"end":{"line":58,"column":null}}],"line":58},"7":{"loc":{"start":{"line":59,"column":39},"end":{"line":59,"column":null}},"type":"binary-expr","locations":[{"start":{"line":59,"column":39},"end":{"line":59,"column":60}},{"start":{"line":59,"column":60},"end":{"line":59,"column":null}}],"line":59},"8":{"loc":{"start":{"line":76,"column":54},"end":{"line":76,"column":null}},"type":"binary-expr","locations":[{"start":{"line":76,"column":54},"end":{"line":76,"column":67}},{"start":{"line":76,"column":67},"end":{"line":76,"column":null}}],"line":76},"9":{"loc":{"start":{"line":114,"column":29},"end":{"line":145,"column":null}},"type":"binary-expr","locations":[{"start":{"line":114,"column":29},"end":{"line":114,"column":null}},{"start":{"line":115,"column":32},"end":{"line":145,"column":null}}],"line":114}},"s":{"0":14,"1":2,"2":12,"3":23,"4":1,"5":22,"6":23,"7":23,"8":23,"9":23,"10":2,"11":2,"12":3,"13":2,"14":0,"15":0,"16":23,"17":2,"18":2,"19":0,"20":0,"21":0,"22":0,"23":0,"24":0},"f":{"0":14,"1":23,"2":2,"3":3,"4":0,"5":0,"6":23,"7":2,"8":0,"9":0},"b":{"0":[14],"1":[2,12],"2":[14,13],"3":[12,1],"4":[14,3],"5":[1,22],"6":[22,22],"7":[23,0],"8":[2,1],"9":[23,6]},"meta":{"lastBranch":10,"lastFunction":10,"lastStatement":25,"seen":{"f:1:24:1:33":0,"b:1:103:1:108":0,"b:2:4:4:Infinity:undefined:undefined:undefined:undefined":1,"s:2:4:4:Infinity":0,"b:2:8:2:19:2:19:2:40":2,"s:3:8:3:Infinity":1,"s:6:4:151:Infinity":2,"b:19:17:19:Infinity:20:20:30:Infinity":3,"b:50:17:50:34:50:34:50:Infinity":4,"f:55:28:55:29":1,"b:56:20:56:Infinity:undefined:undefined:undefined:undefined":5,"s:56:20:56:Infinity":3,"s:56:32:56:Infinity":4,"s:58:32:58:Infinity":5,"b:58:32:58:65:58:65:58:Infinity":6,"s:59:39:59:Infinity":6,"b:59:39:59:60:59:60:59:Infinity":7,"s:60:36:60:Infinity":7,"s:61:36:63:Infinity":8,"s:65:20:147:Infinity":9,"f:75:37:75:43":2,"s:76:54:76:Infinity":10,"b:76:54:76:67:76:67:76:Infinity":8,"s:77:51:77:Infinity":11,"f:77:75:77:80":3,"s:77:80:77:97":12,"s:78:32:78:Infinity":13,"f:80:42:80:43":4,"s:80:50:80:Infinity":14,"f:81:42:81:43":5,"s:81:50:81:Infinity":15,"f:105:52:105:53":6,"s:105:59:105:65":16,"b:114:29:114:Infinity:115:32:145:Infinity":9,"f:116:45:116:46":7,"s:117:40:117:Infinity":17,"s:118:40:118:Infinity":18,"f:132:50:132:51":8,"s:133:40:133:Infinity":19,"s:134:40:134:Infinity":20,"s:135:40:135:Infinity":21,"f:137:50:137:51":9,"s:138:40:138:Infinity":22,"s:139:40:139:Infinity":23,"s:140:40:140:Infinity":24}}}
,"D:\\School\\I3AA\\M306\\Music-clone\\project\\src\\components\\Profile.jsx": {"path":"D:\\School\\I3AA\\M306\\Music-clone\\project\\src\\components\\Profile.jsx","statementMap":{"0":{"start":{"line":2,"column":4},"end":{"line":2,"column":null}},"1":{"start":{"line":2,"column":15},"end":{"line":2,"column":null}},"2":{"start":{"line":4,"column":4},"end":{"line":26,"column":null}}},"fnMap":{"0":{"name":"Profile","decl":{"start":{"line":1,"column":24},"end":{"line":1,"column":32}},"loc":{"start":{"line":1,"column":59},"end":{"line":29,"column":null}},"line":1}},"branchMap":{"0":{"loc":{"start":{"line":2,"column":4},"end":{"line":2,"column":null}},"type":"if","locations":[{"start":{"line":2,"column":4},"end":{"line":2,"column":null}},{"start":{},"end":{}}],"line":2},"1":{"loc":{"start":{"line":13,"column":25},"end":{"line":13,"column":null}},"type":"binary-expr","locations":[{"start":{"line":13,"column":25},"end":{"line":13,"column":45}},{"start":{"line":13,"column":45},"end":{"line":13,"column":null}}],"line":13}},"s":{"0":11,"1":1,"2":10},"f":{"0":11},"b":{"0":[1,10],"1":[10,1]},"meta":{"lastBranch":2,"lastFunction":1,"lastStatement":3,"seen":{"f:1:24:1:32":0,"b:2:4:2:Infinity:undefined:undefined:undefined:undefined":0,"s:2:4:2:Infinity":0,"s:2:15:2:Infinity":1,"s:4:4:26:Infinity":2,"b:13:25:13:45:13:45:13:Infinity":1}}}
,"D:\\School\\I3AA\\M306\\Music-clone\\project\\src\\components\\Search.jsx": {"path":"D:\\School\\I3AA\\M306\\Music-clone\\project\\src\\components\\Search.jsx","statementMap":{"0":{"start":{"line":4,"column":26},"end":{"line":4,"column":null}},"1":{"start":{"line":7,"column":8},"end":{"line":7,"column":null}},"2":{"start":{"line":8,"column":8},"end":{"line":10,"column":null}},"3":{"start":{"line":9,"column":12},"end":{"line":9,"column":null}},"4":{"start":{"line":13,"column":4},"end":{"line":26,"column":null}},"5":{"start":{"line":20,"column":33},"end":{"line":20,"column":null}}},"fnMap":{"0":{"name":"SearchBar","decl":{"start":{"line":3,"column":24},"end":{"line":3,"column":34}},"loc":{"start":{"line":3,"column":48},"end":{"line":28,"column":null}},"line":3},"1":{"name":"handleSubmit","decl":{"start":{"line":6,"column":13},"end":{"line":6,"column":26}},"loc":{"start":{"line":6,"column":29},"end":{"line":11,"column":null}},"line":6},"2":{"name":"(anonymous_2)","decl":{"start":{"line":20,"column":26},"end":{"line":20,"column":27}},"loc":{"start":{"line":20,"column":33},"end":{"line":20,"column":null}},"line":20}},"branchMap":{"0":{"loc":{"start":{"line":8,"column":8},"end":{"line":10,"column":null}},"type":"if","locations":[{"start":{"line":8,"column":8},"end":{"line":10,"column":null}},{"start":{},"end":{}}],"line":8}},"s":{"0":12,"1":5,"2":5,"3":3,"4":12,"5":5},"f":{"0":12,"1":5,"2":5},"b":{"0":[3,2]},"meta":{"lastBranch":1,"lastFunction":3,"lastStatement":6,"seen":{"f:3:24:3:34":0,"s:4:26:4:Infinity":0,"f:6:13:6:26":1,"s:7:8:7:Infinity":1,"b:8:8:10:Infinity:undefined:undefined:undefined:undefined":0,"s:8:8:10:Infinity":2,"s:9:12:9:Infinity":3,"s:13:4:26:Infinity":4,"f:20:26:20:27":2,"s:20:33:20:Infinity":5}}}
[...]
ne":22,"column":33}},"type":"if","locations":[{"start":{"line":22,"column":8},"end":{"line":22,"column":33}},{"start":{},"end":{}}],"line":22},"1":{"loc":{"start":{"line":25,"column":12},"end":{"line":25,"column":48}},"type":"if","locations":[{"start":{"line":25,"column":12},"end":{"line":25,"column":48}},{"start":{},"end":{}}],"line":25},"2":{"loc":{"start":{"line":42,"column":16},"end":{"line":42,"column":35}},"type":"if","locations":[{"start":{"line":42,"column":16},"end":{"line":42,"column":35}},{"start":{},"end":{}}],"line":42},"3":{"loc":{"start":{"line":44,"column":37},"end":{"line":44,"column":78}},"type":"binary-expr","locations":[{"start":{"line":44,"column":37},"end":{"line":44,"column":70}},{"start":{"line":44,"column":74},"end":{"line":44,"column":78}}],"line":44},"4":{"loc":{"start":{"line":47,"column":28},"end":{"line":47,"column":47}},"type":"binary-expr","locations":[{"start":{"line":47,"column":28},"end":{"line":47,"column":42}},{"start":{"line":47,"column":46},"end":{"line":47,"column":47}}],"line":47},"5":{"loc":{"start":{"line":48,"column":28},"end":{"line":48,"column":47}},"type":"binary-expr","locations":[{"start":{"line":48,"column":28},"end":{"line":48,"column":42}},{"start":{"line":48,"column":46},"end":{"line":48,"column":47}}],"line":48},"6":{"loc":{"start":{"line":52,"column":16},"end":{"line":60,"column":17}},"type":"if","locations":[{"start":{"line":52,"column":16},"end":{"line":60,"column":17}},{"start":{},"end":{}}],"line":52},"7":{"loc":{"start":{"line":52,"column":20},"end":{"line":52,"column":83}},"type":"binary-expr","locations":[{"start":{"line":52,"column":20},"end":{"line":52,"column":51}},{"start":{"line":52,"column":55},"end":{"line":52,"column":83}}],"line":52},"8":{"loc":{"start":{"line":54,"column":33},"end":{"line":56,"column":43}},"type":"cond-expr","locations":[{"start":{"line":55,"column":26},"end":{"line":55,"column":52}},{"start":{"line":56,"column":26},"end":{"line":56,"column":43}}],"line":54},"9":{"loc":{"start":{"line":57,"column":20},"end":{"line":59,"column":21}},"type":"if","locations":[{"start":{"line":57,"column":20},"end":{"line":59,"column":21}},{"start":{},"end":{}}],"line":57},"10":{"loc":{"start":{"line":63,"column":16},"end":{"line":69,"column":17}},"type":"if","locations":[{"start":{"line":63,"column":16},"end":{"line":69,"column":17}},{"start":{},"end":{}}],"line":63},"11":{"loc":{"start":{"line":63,"column":20},"end":{"line":63,"column":75}},"type":"binary-expr","locations":[{"start":{"line":63,"column":20},"end":{"line":63,"column":32}},{"start":{"line":63,"column":36},"end":{"line":63,"column":75}}],"line":63},"12":{"loc":{"start":{"line":66,"column":20},"end":{"line":68,"column":21}},"type":"if","locations":[{"start":{"line":66,"column":20},"end":{"line":68,"column":21}},{"start":{},"end":{}}],"line":66},"13":{"loc":{"start":{"line":73,"column":16},"end":{"line":78,"column":17}},"type":"if","locations":[{"start":{"line":73,"column":16},"end":{"line":78,"column":17}},{"start":{"line":76,"column":23},"end":{"line":78,"column":17}}],"line":73},"14":{"loc":{"start":{"line":82,"column":8},"end":{"line":88,"column":9}},"type":"if","locations":[{"start":{"line":82,"column":8},"end":{"line":88,"column":9}},{"start":{},"end":{}}],"line":82},"15":{"loc":{"start":{"line":96,"column":12},"end":{"line":104,"column":13}},"type":"if","locations":[{"start":{"line":96,"column":12},"end":{"line":104,"column":13}},{"start":{},"end":{}}],"line":96},"16":{"loc":{"start":{"line":112,"column":8},"end":{"line":119,"column":9}},"type":"if","locations":[{"start":{"line":112,"column":8},"end":{"line":119,"column":9}},{"start":{},"end":{}}],"line":112},"17":{"loc":{"start":{"line":115,"column":20},"end":{"line":115,"column":65}},"type":"if","locations":[{"start":{"line":115,"column":20},"end":{"line":115,"column":65}},{"start":{},"end":{}}],"line":115},"18":{"loc":{"start":{"line":130,"column":8},"end":{"line":130,"column":40}},"type":"if","locations":[{"start":{"line":130,"column":8},"end":{"line":130,"column":40}},{"start":{},"end":{}}],"line":130},"19":{"loc":{"start":{"line":130,"column":12},"end":{"line":130,"column":31}},"type":"binary-expr","locations":[{"start":{"line":130,"column":12},"end":{"line":130,"column":18}},{"start":{"line":130,"column":22},"end":{"line":130,"column":31}}],"line":130},"20":{"loc":{"start":{"line":133,"column":8},"end":{"line":136,"column":9}},"type":"if","locations":[{"start":{"line":133,"column":8},"end":{"line":136,"column":9}},{"start":{},"end":{}}],"line":133},"21":{"loc":{"start":{"line":139,"column":8},"end":{"line":164,"column":9}},"type":"if","locations":[{"start":{"line":139,"column":8},"end":{"line":164,"column":9}},{"start":{},"end":{}}],"line":139},"22":{"loc":{"start":{"line":139,"column":12},"end":{"line":139,"column":107}},"type":"binary-expr","locations":[{"start":{"line":139,"column":12},"end":{"line":139,"column":34}},{"start":{"line":139,"column":38},"end":{"line":139,"column":65}},{"start":{"line":139,"column":69},"end":{"line":139,"column":96}},{"start":{"line":139,"column":100},"end":{"line":139,"column":107}}],"line":139},"23":{"loc":{"start":{"line":144,"column":12},"end":{"line":163,"column":13}},"type":"if","locations":[{"start":{"line":144,"column":12},"end":{"line":163,"column":13}},{"start":{},"end":{}}],"line":144},"24":{"loc":{"start":{"line":149,"column":24},"end":{"line":153,"column":25}},"type":"if","locations":[{"start":{"line":149,"column":24},"end":{"line":153,"column":25}},{"start":{"line":151,"column":31},"end":{"line":153,"column":25}}],"line":149},"25":{"loc":{"start":{"line":151,"column":31},"end":{"line":153,"column":25}},"type":"if","locations":[{"start":{"line":151,"column":31},"end":{"line":153,"column":25}},{"start":{},"end":{}}],"line":151},"26":{"loc":{"start":{"line":169,"column":36},"end":{"line":169,"column":51}},"type":"default-arg","locations":[{"start":{"line":169,"column":45},"end":{"line":169,"column":51}}],"line":169},"27":{"loc":{"start":{"line":170,"column":8},"end":{"line":170,"column":66}},"type":"if","locations":[{"start":{"line":170,"column":8},"end":{"line":170,"column":66}},{"start":{},"end":{}}],"line":170},"28":{"loc":{"start":{"line":175,"column":8},"end":{"line":177,"column":9}},"type":"if","locations":[{"start":{"line":175,"column":8},"end":{"line":177,"column":9}},{"start":{},"end":{}}],"line":175},"29":{"loc":{"start":{"line":183,"column":8},"end":{"line":186,"column":9}},"type":"if","locations":[{"start":{"line":183,"column":8},"end":{"line":186,"column":9}},{"start":{},"end":{}}],"line":183},"30":{"loc":{"start":{"line":185,"column":28},"end":{"line":185,"column":70}},"type":"binary-expr","locations":[{"start":{"line":185,"column":28},"end":{"line":185,"column":47}},{"start":{"line":185,"column":51},"end":{"line":185,"column":70}}],"line":185},"31":{"loc":{"start":{"line":194,"column":29},"end":{"line":194,"column":43}},"type":"default-arg","locations":[{"start":{"line":194,"column":39},"end":{"line":194,"column":43}}],"line":194},"32":{"loc":{"start":{"line":194,"column":45},"end":{"line":194,"column":55}},"type":"default-arg","locations":[{"start":{"line":194,"column":54},"end":{"line":194,"column":55}}],"line":194},"33":{"loc":{"start":{"line":195,"column":8},"end":{"line":195,"column":25}},"type":"if","locations":[{"start":{"line":195,"column":8},"end":{"line":195,"column":25}},{"start":{},"end":{}}],"line":195},"34":{"loc":{"start":{"line":198,"column":8},"end":{"line":228,"column":9}},"type":"if","locations":[{"start":{"line":198,"column":8},"end":{"line":228,"column":9}},{"start":{"line":214,"column":15},"end":{"line":228,"column":9}}],"line":198},"35":{"loc":{"start":{"line":198,"column":12},"end":{"line":198,"column":67}},"type":"binary-expr","locations":[{"start":{"line":198,"column":12},"end":{"line":198,"column":19}},{"start":{"line":198,"column":23},"end":{"line":198,"column":45}},{"start":{"line":198,"column":49},"end":{"line":198,"column":67}}],"line":198},"36":{"loc":{"start":{"line":201,"column":60},"end":{"line":201,"column":100}},"type":"cond-expr","locations":[{"start":{"line":201,"column":71},"end":{"line":201,"column":95}},{"start":{"line":201,"column":98},"end":{"line":201,"column":100}}],"line":201},"37":{"loc":{"start":{"line":218,"column":60},"end":{"line":218,"column":100}},"type":"cond-expr","locations":[{"start":{"line":218,"column":71},"end":{"line":218,"column":95}},{"start":{"line":218,"column":98},"end":{"line":218,"column":100}}],"line":218},"38":{"loc":{"start":{"line":235,"column":8},"end":{"line":240,"column":9}},"type":"if","locations":[{"start":{"line":235,"column":8},"end":{"line":240,"column":9}},{"start":{},"end":{}}],"line":235},"39":{"loc":{"start":{"line":235,"column":12},"end":{"line":235,"column":57}},"type":"binary-expr","locations":[{"start":{"line":235,"column":12},"end":{"line":235,"column":35}},{"start":{"line":235,"column":39},"end":{"line":235,"column":57}}],"line":235},"40":{"loc":{"start":{"line":243,"column":8},"end":{"line":243,"column":87}},"type":"if","locations":[{"start":{"line":243,"column":8},"end":{"line":243,"column":87}},{"start":{},"end":{}}],"line":243},"41":{"loc":{"start":{"line":251,"column":8},"end":{"line":256,"column":9}},"type":"if","locations":[{"start":{"line":251,"column":8},"end":{"line":256,"column":9}},{"start":{},"end":{}}],"line":251},"42":{"loc":{"start":{"line":251,"column":12},"end":{"line":251,"column":79}},"type":"binary-expr","locations":[{"start":{"line":251,"column":12},"end":{"line":251,"column":35}},{"start":{"line":251,"column":39},"end":{"line":251,"column":79}}],"line":251},"43":{"loc":{"start":{"line":259,"column":8},"end":{"line":259,"column":79}},"type":"if","locations":[{"start":{"line":259,"column":8},"end":{"line":259,"column":79}},{"start":{},"end":{}}],"line":259},"44":{"loc":{"start":{"line":264,"column":8},"end":{"line":264,"column":81}},"type":"if","locations":[{"start":{"line":264,"column":8},"end":{"line":264,"column":81}},{"start":{},"end":{}}],"line":264},"45":{"loc":{"start":{"line":265,"column":8},"end":{"line":266,"column":47}},"type":"if","locations":[{"start":{"line":265,"column":8},"end":{"line":266,"column":47}},{"start":{"line":266,"column":13},"end":{"line":266,"column":47}}],"line":265},"46":{"loc":{"start":{"line":272,"column":8},"end":{"line":272,"column":94}},"type":"if","locations":[{"start":{"line":272,"column":8},"end":{"line":272,"column":94}},{"start":{},"end":{}}],"line":272},"47":{"loc":{"start":{"line":273,"column":8},"end":{"line":273,"column":86}},"type":"if","locations":[{"start":{"line":273,"column":8},"end":{"line":273,"column":86}},{"start":{},"end":{}}],"line":273},"48":{"loc":{"start":{"line":279,"column":8},"end":{"line":283,"column":9}},"type":"if","locations":[{"start":{"line":279,"column":8},"end":{"line":283,"column":9}},{"start":{"line":281,"column":15},"end":{"line":283,"column":9}}],"line":279},"49":{"loc":{"start":{"line":281,"column":15},"end":{"line":283,"column":9}},"type":"if","locations":[{"start":{"line":281,"column":15},"end":{"line":283,"column":9}},{"start":{},"end":{}}],"line":281},"50":{"loc":{"start":{"line":290,"column":8},"end":{"line":296,"column":9}},"type":"if","locations":[{"start":{"line":290,"column":8},"end":{"line":296,"column":9}},{"start":{"line":292,"column":15},"end":{"line":296,"column":9}}],"line":290},"51":{"loc":{"start":{"line":292,"column":15},"end":{"line":296,"column":9}},"type":"if","locations":[{"start":{"line":292,"column":15},"end":{"line":296,"column":9}},{"start":{"line":294,"column":15},"end":{"line":296,"column":9}}],"line":292}},"s":{"0":1,"1":1,"2":1,"3":1,"4":1,"5":1,"6":1,"7":1,"8":1,"9":1,"10":1,"11":1,"12":1,"13":1,"14":0,"15":1,"16":0,"17":0,"18":0,"19":0,"20":0,"21":0,"22":0,"23":0,"24":0,"25":0,"26":0,"27":0,"28":0,"29":0,"30":0,"31":0,"32":0,"33":0,"34":0,"35":0,"36":0,"37":0,"38":0,"39":0,"40":0,"41":0,"42":0,"43":0,"44":0,"45":0,"46":0,"47":0,"48":0,"49":1,"50":1,"51":1,"52":1,"53":1,"54":1,"55":1,"56":1,"57":1,"58":0,"59":0,"60":0,"61":0,"62":0,"63":1,"64":1,"65":0,"66":0,"67":0,"68":0,"69":0,"70":1,"71":1,"72":1,"73":1,"74":1,"75":1,"76":1,"77":0,"78":0,"79":0,"80":0,"81":0,"82":0,"83":0,"84":0,"85":0,"86":0,"87":0,"88":0,"89":0,"90":0,"91":0,"92":0,"93":0,"94":0,"95":0,"96":0,"97":0,"98":0,"99":0,"100":0,"101":0,"102":0,"103":0,"104":0,"105":0,"106":1,"107":0,"108":0,"109":0,"110":0,"111":0,"112":0,"113":0,"114":0,"115":0,"116":0,"117":0,"118":0,"119":0,"120":0,"121":0,"122":0,"123":0,"124":0,"125":0,"126":0,"127":0,"128":0,"129":0,"130":0,"131":0,"132":0,"133":0,"134":0,"135":0,"136":0,"137":0,"138":0,"139":0,"140":0,"141":0,"142":0,"143":0,"144":0,"145":0,"146":0,"147":0,"148":0,"149":0,"150":0,"151":0,"152":0,"153":0,"154":0,"155":0,"156":0,"157":0,"158":0,"159":0,"160":0,"161":0,"162":0,"163":0,"164":1},"f":{"0":1,"1":1,"2":0,"3":0,"4":0,"5":0,"6":0,"7":0,"8":1,"9":1,"10":1,"11":0,"12":0,"13":1,"14":1,"15":0,"16":0,"17":0,"18":0,"19":0,"20":0,"21":0,"22":0,"23":0,"24":0,"25":0,"26":0,"27":0},"b":{"0":[0,1],"1":[0,0],"2":[0,0],"3":[0,0],"4":[0,0],"5":[0,0],"6":[0,0],"7":[0,0],"8":[0,0],"9":[0,0],"10":[0,0],"11":[0,0],"12":[0,0],"13":[0,0],"14":[1,0],"15":[0,1],"16":[0,1],"17":[0,0],"18":[1,0],"19":[1,0],"20":[0,0],"21":[0,0],"22":[0,0,0,0],"23":[0,0],"24":[0,0],"25":[0,0],"26":[0],"27":[0,0],"28":[0,0],"29":[0,0],"30":[0,0],"31":[0],"32":[0],"33":[0,0],"34":[0,0],"35":[0,0,0],"36":[0,0],"37":[0,0],"38":[0,0],"39":[0,0],"40":[0,0],"41":[0,0],"42":[0,0],"43":[0,0],"44":[0,0],"45":[0,0],"46":[0,0],"47":[0,0],"48":[0,0],"49":[0,0],"50":[0,0],"51":[0,0]},"meta":{"lastBranch":52,"lastFunction":28,"lastStatement":165,"seen":{"f:3:24:3:40":0,"s:4:33:4:49":0,"s:5:35:5:50":1,"s:6:29:6:44":2,"s:7:31:7:46":3,"s:8:31:8:44":4,"s:9:35:9:47":5,"s:10:35:10:47":6,"s:11:39:11:55":7,"s:13:21:13:34":8,"s:14:27:14:41":9,"s:15:27:15:41":10,"s:16:31:16:45":11,"s:21:3:89:22":12,"f:21:14:21:15":1,"b:22:8:22:33:undefined:undefined:undefined:undefined":0,"s:22:8:22:33":13,"s:22:26:22:33":14,"s:24:8:80:10":15,"f:24:46:24:47":2,"b:25:12:25:48:undefined:undefined:undefined:undefined":1,"s:25:12:25:48":16,"s:25:41:25:48":17,"s:27:27:31:14":18,"f:29:31:29:32":3,"s:29:39:29:54":19,"s:33:12:33:39":20,"s:35:12:39:15":21,"f:35:40:35:41":4,"s:36:16:36:39":22,"s:37:16:37:33":23,"s:38:16:38:75":24,"s:41:12:70:15":25,"f:41:55:41:56":5,"b:42:16:42:35:undefined:undefined:undefined:undefined":2,"s:42:16:42:35":26,"s:42:28:42:35":27,"s:44:37:44:78":28,"b:44:37:44:70:44:74:44:78":3,"s:45:16:45:39":29,"s:46:16:46:49":30,"s:47:16:47:49":31,"b:47:28:47:42:47:46:47:47":4,"s:48:16:48:49":32,"b:48:28:48:42:48:46:48:47":5,"b:52:16:60:17:undefined:undefined:undefined:undefined":6,"s:52:16:60:17":33,"b:52:20:52:51:52:55:52:83":7,"s:53:36:53:74":34,"s:54:33:56:43":35,"b:55:26:55:52:56:26:56:43":8,"b:57:20:59:21:undefined:undefined:undefined:undefined":9,"s:57:20:59:21":36,"s:58:24:58:44":37,"b:63:16:69:17:undefined:undefined:undefined:undefined":10,"s:63:16:69:17":38,"b:63:20:63:32:63:36:63:75":11,"s:64:39:64:55":39,"s:65:38:65:103":40,"f:65:77:65:80":6,"s:65:84:65:102":41,"b:66:20:68:21:undefined:undefined:undefined:undefined":12,"s:66:20:68:21":42,"s:67:24:67:67":43,"s:72:12:79:15":44,"f:72:34:72:35":7,"b:73:16:78:17:76:23:78:17":13,"s:73:16:78:17":45,"s:74:20:74:64":46,"s:75:20:75:51":47,"s:77:20:77:69":48,"b:82:8:88:9:undefined:undefined:undefined:undefined":14,"s:82:8:88:9":49,"s:83:27:83:59":50,"s:84:12:84:65":51,"s:85:12:85:32":52,"s:86:12:86:46":53,"s:87:12:87:43":54,"s:94:3:106:11":55,"f:94:14:94:15":8,"s:95:8:105:10":56,"f:95:15:95:16":9,"b:96:12:104:13:undefined:undefined:undefined:undefined":15,"s:96:12:104:13":57,"s:97:16:101:17":58,"s:98:20:98:51":59,"s:100:20:100:37":60,"s:102:16:102:41":61,"s:103:16:103:48":62,"s:109:3:122:27":63,"f:109:14:109:15":10,"b:112:8:119:9:undefined:undefined:undefined:undefined":16,"s:112:8:119:9":64,"s:113:12:118:21":65,"f:113:35:113:36":11,"s:114:16:117:19":66,"f:114:28:114:29":12,"b:115:20:115:65:undefined:undefined:undefined:undefined":17,"s:115:20:115:65":67,"s:115:49:115:65":68,"s:116:20:116:39":69,"s:121:8:121:45":70,"f:121:15:121:16":13,"s:121:21:121:44":71,"s:125:30:125:44":72,"s:126:27:126:40":73,"s:129:3:165:66":74,"f:129:14:129:15":14,"b:130:8:130:40:undefined:undefined:undefined:undefined":18,"s:130:8:130:40":75,"b:130:12:130:18:130:22:130:31":19,"s:130:33:130:40":76,"b:133:8:136:9:undefined:undefined:undefined:undefined":20,"s:133:8:136:9":77,"s:134:12:134:47":78,"s:135:12:135:48":79,"b:139:8:164:9:undefined:undefined:undefined:undefined":21,"s:139:8:164:9":80,"b:139:12:139:34:139:38:139:65:139:69:139:96:139:100:139:107":22,"s:140:12:140:46":81,"s:143:31:143:40":82,"b:144:12:163:13:undefined:undefined:undefined:undefined":23,"s:144:12:163:13":83,"s:146:16:162:24":84,"f:146:27:146:32":15,"s:147:20:161:21":85,"b:149:24:153:25:151:31:153:25":24,"s:149:24:153:25":86,"s:150:28:150:60":87,"b:151:31:153:25:undefined:undefined:undefined:undefined":25,"s:151:31:153:25":88,"s:152:28:152:75":89,"s:155:24:157:33":90,"f:155:35:155:36":16,"s:156:28:156:63":91,"s:159:24:159:72":92,"s:160:24:160:59":93,"f:169:19:169:29":17,"b:169:45:169:51":26,"b:170:8:170:66:undefined:undefined:undefined:undefined":27,"s:170:8:170:66":94,"s:170:26:170:66":95,"s:173:24:173:69":96,"s:174:20:174:36":97,"b:175:8:177:9:undefined:undefined:undefined:undefined":28,"s:175:8:177:9":98,"s:176:12:176:56":99,"s:179:20:182:10":100,"b:183:8:186:9:undefined:undefined:undefined:undefined":29,"s:183:8:186:9":101,"s:184:25:184:59":102,"f:184:48:184:49":18,"s:184:55:184:57":103,"s:185:12:185:72":104,"b:185:28:185:47:185:51:185:70":30,"s:187:8:187:19":105,"s:191:27:191:59":106,"f:194:19:194:23":19,"b:194:39:194:43":31,"b:194:54:194:55":32,"b:195:8:195:25:undefined:undefined:undefined:undefined":33,"s:195:8:195:25":107,"s:195:18:195:25":108,"b:198:8:228:9:214:15:228:9":34,"s:198:8:228:9":109,"b:198:12:198:19:198:23:198:45:198:49:198:67":35,"s:199:12:199:72":110,"s:200:12:213:14":111,"b:201:71:201:95:201:98:201:100":36,"s:216:12:216:65":112,"s:217:12:227:14":113,"b:218:71:218:95:218:98:218:100":37,"f:231:19:231:32":20,"s:232:24:232:47":114,"b:235:8:240:9:undefined:undefined:undefined:undefined":38,"s:235:8:240:9":115,"b:235:12:235:35:235:39:235:57":39,"s:236:30:236:48":116,"s:237:12:237:55":117,"s:238:12:238:73":118,"s:239:12:239:19":119,"b:243:8:243:87:undefined:undefined:undefined:undefined":40,"s:243:8:243:87":120,"s:243:46:243:87":121,"s:244:8:244:39":122,"f:247:19:247:28":21,"s:248:24:248:47":123,"b:251:8:256:9:undefined:undefined:undefined:undefined":41,"s:251:8:256:9":124,"b:251:12:251:35:251:39:251:79":42,"s:252:30:252:48":125,"s:253:12:253:55":126,"s:254:12:254:73":127,"s:255:12:255:19":128,"b:259:8:259:79:undefined:undefined:undefined:undefined":43,"s:259:8:259:79":129,"s:259:42:259:79":130,"s:260:8:260:35":131,"f:263:19:263:29":22,"b:264:8:264:81:undefined:undefined:undefined:undefined":44,"s:264:8:264:81":132,"s:264:43:264:81":133,"b:265:8:266:47:266:13:266:47":45,"s:265:8:266:47":134,"s:265:20:265:53":135,"s:266:13:266:47":136,"s:267:8:267:29":137,"f:267:18:267:19":23,"s:267:25:267:27":138,"f:270:19:270:31":24,"s:271:8:271:29":139,"b:272:8:272:94:undefined:undefined:undefined:undefined":46,"s:272:8:272:94":140,"s:272:42:272:94":141,"b:273:8:273:86:undefined:undefined:undefined:undefined":47,"s:273:8:273:86":142,"s:273:22:273:86":143,"f:277:19:277:23":25,"s:278:8:278:32":144,"b:279:8:283:9:281:15:283:9":48,"s:279:8:283:9":145,"s:280:12:280:54":146,"b:281:15:283:9:undefined:undefined:undefined:undefined":49,"s:281:15:283:9":147,"s:282:12:282:72":148,"f:287:19:287:31":26,"b:290:8:296:9:292:15:296:9":50,"s:290:8:296:9":149,"s:291:12:291:30":150,"b:292:15:296:9:294:15:296:9":51,"s:292:15:296:9":151,"s:293:12:293:32":152,"s:295:12:295:28":153,"s:299:8:299:43":154,"s:301:8:318:9":155,"s:303:12:303:35":156,"s:306:12:306:64":157,"s:309:12:311:20":158,"f:309:23:309:24":27,"s:310:16:310:52":159,"s:313:12:313:63":160,"s:315:12:315:38":161,"s:316:12:316:48":162,"s:317:12:317:69":163,"s:321:4:338:6":164}}}
}
